<?xml version="1.0" encoding="UTF-8"?>
<coverage generated="1519868768146" clover="3.2.0">
  <project timestamp="1519868768146" name="All files">
    <metrics statements="574" coveredstatements="476" conditionals="345" coveredconditionals="285" methods="146" coveredmethods="96" elements="1065" coveredelements="857" complexity="0" loc="574" ncloc="574" packages="6" files="30" classes="30">
      <package name="raidLeader">
        <metrics statements="1" coveredstatements="1" conditionals="0" coveredconditionals="0" methods="0" coveredmethods="0"/>
        <file name="knexfile.js" path="/home/symeshjb/workspace/raidLeader/knexfile.js">
          <metrics statements="1" coveredstatements="1" conditionals="0" coveredconditionals="0" methods="0" coveredmethods="0"/>
          <line num="3" count="4" type="stmt"/>
        </file>
      </package>
      <package name="raidLeader.client.reducers">
        <metrics statements="404" coveredstatements="351" conditionals="329" coveredconditionals="281" methods="65" coveredmethods="56"/>
        <file name="boss.js" path="/home/symeshjb/workspace/raidLeader/client/reducers/boss.js">
          <metrics statements="82" coveredstatements="82" conditionals="60" coveredconditionals="60" methods="5" coveredmethods="5"/>
          <line num="2" count="44" type="stmt"/>
          <line num="3" count="44" type="cond" truecount="23" falsecount="0"/>
          <line num="4" count="1" type="stmt"/>
          <line num="6" count="1" type="stmt"/>
          <line num="8" count="1" type="stmt"/>
          <line num="10" count="1" type="stmt"/>
          <line num="11" count="2" type="stmt"/>
          <line num="12" count="2" type="stmt"/>
          <line num="14" count="1" type="stmt"/>
          <line num="16" count="2" type="stmt"/>
          <line num="17" count="2" type="cond" truecount="2" falsecount="0"/>
          <line num="18" count="2" type="stmt"/>
          <line num="20" count="2" type="stmt"/>
          <line num="21" count="2" type="cond" truecount="2" falsecount="0"/>
          <line num="22" count="2" type="stmt"/>
          <line num="24" count="2" type="stmt"/>
          <line num="25" count="2" type="cond" truecount="2" falsecount="0"/>
          <line num="26" count="2" type="stmt"/>
          <line num="28" count="2" type="stmt"/>
          <line num="29" count="2" type="cond" truecount="2" falsecount="0"/>
          <line num="30" count="2" type="stmt"/>
          <line num="32" count="3" type="stmt"/>
          <line num="33" count="3" type="cond" truecount="2" falsecount="0"/>
          <line num="34" count="1" type="stmt"/>
          <line num="35" count="1" type="stmt"/>
          <line num="37" count="2" type="stmt"/>
          <line num="38" count="2" type="stmt"/>
          <line num="40" count="3" type="stmt"/>
          <line num="41" count="3" type="cond" truecount="2" falsecount="0"/>
          <line num="42" count="3" type="stmt"/>
          <line num="44" count="3" type="stmt"/>
          <line num="45" count="3" type="cond" truecount="2" falsecount="0"/>
          <line num="46" count="1" type="stmt"/>
          <line num="47" count="1" type="stmt"/>
          <line num="49" count="2" type="stmt"/>
          <line num="50" count="2" type="stmt"/>
          <line num="52" count="3" type="stmt"/>
          <line num="53" count="3" type="cond" truecount="2" falsecount="0"/>
          <line num="54" count="3" type="stmt"/>
          <line num="56" count="3" type="stmt"/>
          <line num="57" count="3" type="stmt"/>
          <line num="58" count="3" type="stmt"/>
          <line num="59" count="3" type="cond" truecount="2" falsecount="0"/>
          <line num="60" count="3" type="stmt"/>
          <line num="62" count="2" type="stmt"/>
          <line num="63" count="2" type="cond" truecount="2" falsecount="0"/>
          <line num="64" count="2" type="stmt"/>
          <line num="66" count="1" type="stmt"/>
          <line num="67" count="1" type="stmt"/>
          <line num="69" count="3" type="cond" truecount="2" falsecount="0"/>
          <line num="70" count="3" type="stmt"/>
          <line num="71" count="2" type="cond" truecount="2" falsecount="0"/>
          <line num="72" count="1" type="stmt"/>
          <line num="73" count="1" type="stmt"/>
          <line num="75" count="3" type="cond" truecount="2" falsecount="0"/>
          <line num="76" count="3" type="stmt"/>
          <line num="77" count="2" type="cond" truecount="2" falsecount="0"/>
          <line num="78" count="1" type="stmt"/>
          <line num="79" count="1" type="stmt"/>
          <line num="80" count="1" type="stmt"/>
          <line num="81" count="1" type="stmt"/>
          <line num="82" count="1" type="stmt"/>
          <line num="84" count="3" type="cond" truecount="2" falsecount="0"/>
          <line num="85" count="3" type="stmt"/>
          <line num="86" count="2" type="cond" truecount="2" falsecount="0"/>
          <line num="87" count="1" type="stmt"/>
          <line num="88" count="1" type="stmt"/>
          <line num="90" count="2" type="stmt"/>
          <line num="91" count="2" type="stmt"/>
          <line num="93" count="2" type="stmt"/>
          <line num="94" count="2" type="stmt"/>
          <line num="96" count="2" type="stmt"/>
          <line num="97" count="2" type="cond" truecount="2" falsecount="0"/>
          <line num="98" count="2" type="stmt"/>
          <line num="100" count="1" type="stmt"/>
          <line num="101" count="1" type="stmt"/>
          <line num="103" count="2" type="cond" truecount="2" falsecount="0"/>
          <line num="104" count="2" type="stmt"/>
          <line num="106" count="1" type="stmt"/>
          <line num="107" count="3" type="stmt"/>
          <line num="109" count="1" type="stmt"/>
          <line num="110" count="1" type="stmt"/>
        </file>
        <file name="dungeons.js" path="/home/symeshjb/workspace/raidLeader/client/reducers/dungeons.js">
          <metrics statements="8" coveredstatements="8" conditionals="5" coveredconditionals="5" methods="2" coveredmethods="2"/>
          <line num="2" count="4" type="stmt"/>
          <line num="3" count="4" type="cond" truecount="4" falsecount="0"/>
          <line num="4" count="1" type="stmt"/>
          <line num="6" count="1" type="stmt"/>
          <line num="8" count="1" type="stmt"/>
          <line num="9" count="1" type="stmt"/>
          <line num="10" count="1" type="stmt"/>
          <line num="11" count="1" type="stmt"/>
        </file>
        <file name="friendlyTarget.js" path="/home/symeshjb/workspace/raidLeader/client/reducers/friendlyTarget.js">
          <metrics statements="11" coveredstatements="11" conditionals="12" coveredconditionals="12" methods="1" coveredmethods="1"/>
          <line num="3" count="9" type="stmt"/>
          <line num="4" count="9" type="cond" truecount="7" falsecount="0"/>
          <line num="5" count="1" type="stmt"/>
          <line num="7" count="1" type="stmt"/>
          <line num="9" count="1" type="stmt"/>
          <line num="11" count="2" type="cond" truecount="2" falsecount="0"/>
          <line num="12" count="1" type="stmt"/>
          <line num="14" count="1" type="stmt"/>
          <line num="16" count="2" type="cond" truecount="2" falsecount="0"/>
          <line num="17" count="1" type="stmt"/>
          <line num="19" count="1" type="stmt"/>
        </file>
        <file name="gold.js" path="/home/symeshjb/workspace/raidLeader/client/reducers/gold.js">
          <metrics statements="5" coveredstatements="5" conditionals="5" coveredconditionals="5" methods="1" coveredmethods="1"/>
          <line num="2" count="4" type="cond" truecount="4" falsecount="0"/>
          <line num="3" count="1" type="stmt"/>
          <line num="5" count="1" type="stmt"/>
          <line num="7" count="1" type="stmt"/>
          <line num="8" count="1" type="stmt"/>
        </file>
        <file name="location.js" path="/home/symeshjb/workspace/raidLeader/client/reducers/location.js">
          <metrics statements="31" coveredstatements="25" conditionals="13" coveredconditionals="12" methods="4" coveredmethods="3"/>
          <line num="3" count="3" type="stmt"/>
          <line num="10" count="3" type="stmt"/>
          <line num="11" count="3" type="cond" truecount="2" falsecount="0"/>
          <line num="12" count="2" type="stmt"/>
          <line num="13" count="2" type="cond" truecount="2" falsecount="0"/>
          <line num="14" count="1" type="stmt"/>
          <line num="18" count="9" type="stmt"/>
          <line num="19" count="9" type="cond" truecount="7" falsecount="1"/>
          <line num="21" count="1" type="stmt"/>
          <line num="22" count="1" type="stmt"/>
          <line num="24" count="1" type="stmt"/>
          <line num="25" count="1" type="stmt"/>
          <line num="26" count="1" type="stmt"/>
          <line num="28" count="1" type="stmt"/>
          <line num="29" count="1" type="stmt"/>
          <line num="31" count="1" type="stmt"/>
          <line num="32" count="1" type="stmt"/>
          <line num="33" count="1" type="stmt"/>
          <line num="34" count="1" type="stmt"/>
          <line num="35" count="1" type="stmt"/>
          <line num="37" count="0" type="stmt"/>
          <line num="38" count="0" type="stmt"/>
          <line num="39" count="0" type="stmt"/>
          <line num="41" count="0" type="stmt"/>
          <line num="42" count="0" type="stmt"/>
          <line num="43" count="0" type="stmt"/>
          <line num="45" count="1" type="stmt"/>
          <line num="46" count="1" type="stmt"/>
          <line num="48" count="1" type="stmt"/>
          <line num="49" count="1" type="stmt"/>
          <line num="50" count="3" type="stmt"/>
        </file>
        <file name="party.js" path="/home/symeshjb/workspace/raidLeader/client/reducers/party.js">
          <metrics statements="120" coveredstatements="82" conditionals="115" coveredconditionals="79" methods="28" coveredmethods="20"/>
          <line num="2" count="39" type="stmt"/>
          <line num="3" count="39" type="cond" truecount="20" falsecount="6"/>
          <line num="4" count="1" type="stmt"/>
          <line num="6" count="1" type="stmt"/>
          <line num="8" count="1" type="stmt"/>
          <line num="10" count="4" type="stmt"/>
          <line num="12" count="6" type="cond" truecount="2" falsecount="0"/>
          <line num="13" count="14" type="stmt"/>
          <line num="14" count="5" type="cond" truecount="4" falsecount="0"/>
          <line num="15" count="3" type="stmt"/>
          <line num="16" count="3" type="cond" truecount="2" falsecount="0"/>
          <line num="17" count="3" type="stmt"/>
          <line num="19" count="1" type="stmt"/>
          <line num="20" count="4" type="cond" truecount="2" falsecount="0"/>
          <line num="21" count="3" type="stmt"/>
          <line num="22" count="3" type="cond" truecount="2" falsecount="0"/>
          <line num="23" count="3" type="stmt"/>
          <line num="25" count="1" type="stmt"/>
          <line num="27" count="5" type="cond" truecount="2" falsecount="0"/>
          <line num="28" count="7" type="stmt"/>
          <line num="29" count="4" type="cond" truecount="4" falsecount="0"/>
          <line num="30" count="3" type="stmt"/>
          <line num="31" count="3" type="stmt"/>
          <line num="32" count="3" type="stmt"/>
          <line num="34" count="1" type="stmt"/>
          <line num="35" count="4" type="cond" truecount="2" falsecount="0"/>
          <line num="36" count="3" type="stmt"/>
          <line num="37" count="3" type="stmt"/>
          <line num="39" count="4" type="stmt"/>
          <line num="41" count="1" type="stmt"/>
          <line num="43" count="1" type="cond" truecount="1" falsecount="1"/>
          <line num="44" count="1" type="stmt"/>
          <line num="45" count="1" type="cond" truecount="3" falsecount="1"/>
          <line num="46" count="1" type="stmt"/>
          <line num="47" count="1" type="stmt"/>
          <line num="49" count="0" type="cond" truecount="0" falsecount="2"/>
          <line num="50" count="0" type="stmt"/>
          <line num="51" count="0" type="cond" truecount="0" falsecount="4"/>
          <line num="52" count="0" type="stmt"/>
          <line num="53" count="0" type="stmt"/>
          <line num="54" count="0" type="stmt"/>
          <line num="56" count="1" type="stmt"/>
          <line num="57" count="4" type="stmt"/>
          <line num="58" count="4" type="stmt"/>
          <line num="61" count="0" type="cond" truecount="0" falsecount="2"/>
          <line num="62" count="0" type="stmt"/>
          <line num="63" count="0" type="cond" truecount="0" falsecount="4"/>
          <line num="64" count="0" type="stmt"/>
          <line num="65" count="0" type="stmt"/>
          <line num="67" count="2" type="stmt"/>
          <line num="68" count="8" type="cond" truecount="2" falsecount="0"/>
          <line num="69" count="6" type="stmt"/>
          <line num="71" count="8" type="stmt"/>
          <line num="73" count="2" type="stmt"/>
          <line num="75" count="1" type="stmt"/>
          <line num="76" count="4" type="cond" truecount="2" falsecount="0"/>
          <line num="77" count="4" type="stmt"/>
          <line num="79" count="1" type="stmt"/>
          <line num="81" count="3" type="cond" truecount="1" falsecount="1"/>
          <line num="82" count="9" type="stmt"/>
          <line num="83" count="3" type="cond" truecount="4" falsecount="0"/>
          <line num="84" count="1" type="stmt"/>
          <line num="85" count="1" type="stmt"/>
          <line num="87" count="1" type="stmt"/>
          <line num="88" count="4" type="cond" truecount="2" falsecount="0"/>
          <line num="89" count="4" type="cond" truecount="1" falsecount="1"/>
          <line num="90" count="4" type="stmt"/>
          <line num="93" count="5" type="cond" truecount="2" falsecount="0"/>
          <line num="94" count="9" type="stmt"/>
          <line num="95" count="3" type="cond" truecount="4" falsecount="0"/>
          <line num="96" count="1" type="stmt"/>
          <line num="97" count="1" type="stmt"/>
          <line num="99" count="5" type="cond" truecount="2" falsecount="0"/>
          <line num="100" count="10" type="stmt"/>
          <line num="101" count="4" type="cond" truecount="4" falsecount="0"/>
          <line num="102" count="2" type="stmt"/>
          <line num="103" count="2" type="cond" truecount="2" falsecount="0"/>
          <line num="104" count="2" type="stmt"/>
          <line num="106" count="1" type="stmt"/>
          <line num="107" count="4" type="cond" truecount="2" falsecount="0"/>
          <line num="108" count="3" type="stmt"/>
          <line num="109" count="3" type="cond" truecount="2" falsecount="0"/>
          <line num="110" count="3" type="stmt"/>
          <line num="113" count="1" type="stmt"/>
          <line num="115" count="1" type="stmt"/>
          <line num="116" count="4" type="cond" truecount="2" falsecount="0"/>
          <line num="117" count="4" type="stmt"/>
          <line num="119" count="1" type="stmt"/>
          <line num="121" count="1" type="stmt"/>
          <line num="122" count="4" type="cond" truecount="2" falsecount="0"/>
          <line num="123" count="4" type="stmt"/>
          <line num="125" count="1" type="stmt"/>
          <line num="127" count="0" type="cond" truecount="0" falsecount="2"/>
          <line num="128" count="0" type="stmt"/>
          <line num="129" count="0" type="cond" truecount="0" falsecount="2"/>
          <line num="130" count="0" type="stmt"/>
          <line num="131" count="0" type="stmt"/>
          <line num="132" count="0" type="stmt"/>
          <line num="133" count="0" type="stmt"/>
          <line num="135" count="0" type="cond" truecount="0" falsecount="2"/>
          <line num="136" count="0" type="stmt"/>
          <line num="137" count="0" type="cond" truecount="0" falsecount="2"/>
          <line num="138" count="0" type="stmt"/>
          <line num="139" count="0" type="stmt"/>
          <line num="140" count="0" type="stmt"/>
          <line num="141" count="0" type="stmt"/>
          <line num="143" count="0" type="stmt"/>
          <line num="144" count="0" type="cond" truecount="0" falsecount="2"/>
          <line num="145" count="0" type="stmt"/>
          <line num="146" count="0" type="stmt"/>
          <line num="148" count="0" type="stmt"/>
          <line num="150" count="0" type="stmt"/>
          <line num="152" count="0" type="cond" truecount="0" falsecount="2"/>
          <line num="153" count="0" type="stmt"/>
          <line num="154" count="0" type="cond" truecount="0" falsecount="2"/>
          <line num="155" count="0" type="stmt"/>
          <line num="156" count="0" type="stmt"/>
          <line num="157" count="0" type="stmt"/>
          <line num="158" count="0" type="stmt"/>
          <line num="159" count="1" type="stmt"/>
        </file>
        <file name="player.js" path="/home/symeshjb/workspace/raidLeader/client/reducers/player.js">
          <metrics statements="61" coveredstatements="53" conditionals="43" coveredconditionals="37" methods="4" coveredmethods="4"/>
          <line num="1" count="1" type="stmt"/>
          <line num="2" count="1" type="stmt"/>
          <line num="22" count="26" type="stmt"/>
          <line num="23" count="26" type="cond" truecount="16" falsecount="2"/>
          <line num="24" count="1" type="stmt"/>
          <line num="26" count="1" type="stmt"/>
          <line num="27" count="1" type="stmt"/>
          <line num="28" count="1" type="stmt"/>
          <line num="29" count="1" type="stmt"/>
          <line num="31" count="1" type="stmt"/>
          <line num="33" count="0" type="stmt"/>
          <line num="34" count="0" type="stmt"/>
          <line num="35" count="0" type="stmt"/>
          <line num="36" count="0" type="stmt"/>
          <line num="38" count="0" type="stmt"/>
          <line num="40" count="1" type="stmt"/>
          <line num="41" count="2" type="stmt"/>
          <line num="42" count="1" type="stmt"/>
          <line num="44" count="2" type="stmt"/>
          <line num="45" count="2" type="cond" truecount="2" falsecount="0"/>
          <line num="46" count="2" type="stmt"/>
          <line num="48" count="3" type="cond" truecount="1" falsecount="1"/>
          <line num="49" count="3" type="cond" truecount="2" falsecount="0"/>
          <line num="50" count="2" type="stmt"/>
          <line num="51" count="2" type="cond" truecount="2" falsecount="0"/>
          <line num="53" count="3" type="stmt"/>
          <line num="55" count="2" type="stmt"/>
          <line num="56" count="2" type="cond" truecount="2" falsecount="0"/>
          <line num="57" count="2" type="stmt"/>
          <line num="59" count="1" type="stmt"/>
          <line num="60" count="1" type="stmt"/>
          <line num="62" count="1" type="stmt"/>
          <line num="63" count="1" type="stmt"/>
          <line num="64" count="1" type="stmt"/>
          <line num="66" count="2" type="stmt"/>
          <line num="67" count="2" type="cond" truecount="2" falsecount="0"/>
          <line num="68" count="2" type="stmt"/>
          <line num="70" count="2" type="stmt"/>
          <line num="71" count="2" type="cond" truecount="2" falsecount="0"/>
          <line num="72" count="2" type="stmt"/>
          <line num="74" count="0" type="stmt"/>
          <line num="75" count="0" type="cond" truecount="0" falsecount="2"/>
          <line num="76" count="0" type="stmt"/>
          <line num="78" count="2" type="stmt"/>
          <line num="79" count="2" type="cond" truecount="2" falsecount="0"/>
          <line num="80" count="2" type="stmt"/>
          <line num="82" count="2" type="stmt"/>
          <line num="83" count="2" type="cond" truecount="2" falsecount="0"/>
          <line num="84" count="2" type="stmt"/>
          <line num="86" count="2" type="stmt"/>
          <line num="87" count="2" type="stmt"/>
          <line num="88" count="2" type="stmt"/>
          <line num="90" count="1" type="stmt"/>
          <line num="91" count="2" type="stmt"/>
          <line num="92" count="2" type="stmt"/>
          <line num="93" count="2" type="stmt"/>
          <line num="95" count="1" type="stmt"/>
          <line num="97" count="2" type="cond" truecount="1" falsecount="1"/>
          <line num="98" count="2" type="cond" truecount="2" falsecount="0"/>
          <line num="99" count="2" type="stmt"/>
          <line num="100" count="1" type="stmt"/>
        </file>
        <file name="playerParty.js" path="/home/symeshjb/workspace/raidLeader/client/reducers/playerParty.js">
          <metrics statements="20" coveredstatements="20" conditionals="14" coveredconditionals="12" methods="6" coveredmethods="6"/>
          <line num="4" count="10" type="stmt"/>
          <line num="5" count="10" type="cond" truecount="9" falsecount="0"/>
          <line num="6" count="1" type="stmt"/>
          <line num="8" count="1" type="stmt"/>
          <line num="9" count="1" type="cond" truecount="1" falsecount="1"/>
          <line num="10" count="1" type="stmt"/>
          <line num="12" count="2" type="stmt"/>
          <line num="13" count="1" type="stmt"/>
          <line num="15" count="1" type="stmt"/>
          <line num="17" count="1" type="stmt"/>
          <line num="18" count="1" type="stmt"/>
          <line num="20" count="3" type="stmt"/>
          <line num="22" count="6" type="stmt"/>
          <line num="23" count="2" type="stmt"/>
          <line num="24" count="2" type="stmt"/>
          <line num="26" count="3" type="stmt"/>
          <line num="27" count="1" type="stmt"/>
          <line num="28" count="1" type="cond" truecount="1" falsecount="1"/>
          <line num="29" count="1" type="stmt"/>
          <line num="30" count="1" type="stmt"/>
        </file>
        <file name="playerSpells.js" path="/home/symeshjb/workspace/raidLeader/client/reducers/playerSpells.js">
          <metrics statements="15" coveredstatements="15" conditionals="10" coveredconditionals="9" methods="4" coveredmethods="4"/>
          <line num="2" count="7" type="stmt"/>
          <line num="3" count="7" type="cond" truecount="7" falsecount="0"/>
          <line num="4" count="1" type="stmt"/>
          <line num="6" count="1" type="stmt"/>
          <line num="8" count="1" type="stmt"/>
          <line num="9" count="1" type="stmt"/>
          <line num="11" count="2" type="stmt"/>
          <line num="13" count="3" type="stmt"/>
          <line num="14" count="1" type="stmt"/>
          <line num="15" count="1" type="stmt"/>
          <line num="17" count="3" type="stmt"/>
          <line num="18" count="1" type="stmt"/>
          <line num="19" count="1" type="cond" truecount="1" falsecount="1"/>
          <line num="20" count="1" type="stmt"/>
          <line num="21" count="1" type="stmt"/>
        </file>
        <file name="playerWeapon.js" path="/home/symeshjb/workspace/raidLeader/client/reducers/playerWeapon.js">
          <metrics statements="5" coveredstatements="5" conditionals="5" coveredconditionals="5" methods="1" coveredmethods="1"/>
          <line num="2" count="4" type="cond" truecount="4" falsecount="0"/>
          <line num="3" count="1" type="stmt"/>
          <line num="4" count="1" type="stmt"/>
          <line num="5" count="1" type="stmt"/>
          <line num="6" count="1" type="stmt"/>
        </file>
        <file name="recruits.js" path="/home/symeshjb/workspace/raidLeader/client/reducers/recruits.js">
          <metrics statements="14" coveredstatements="14" conditionals="13" coveredconditionals="12" methods="3" coveredmethods="3"/>
          <line num="2" count="7" type="stmt"/>
          <line num="3" count="7" type="cond" truecount="6" falsecount="0"/>
          <line num="4" count="1" type="stmt"/>
          <line num="6" count="1" type="stmt"/>
          <line num="8" count="1" type="stmt"/>
          <line num="10" count="1" type="stmt"/>
          <line num="11" count="1" type="cond" truecount="1" falsecount="1"/>
          <line num="12" count="1" type="stmt"/>
          <line num="14" count="2" type="cond" truecount="2" falsecount="0"/>
          <line num="15" count="1" type="stmt"/>
          <line num="16" count="2" type="cond" truecount="2" falsecount="0"/>
          <line num="17" count="1" type="stmt"/>
          <line num="19" count="1" type="stmt"/>
          <line num="20" count="1" type="stmt"/>
        </file>
        <file name="selectedSpell.js" path="/home/symeshjb/workspace/raidLeader/client/reducers/selectedSpell.js">
          <metrics statements="7" coveredstatements="7" conditionals="10" coveredconditionals="10" methods="1" coveredmethods="1"/>
          <line num="2" count="6" type="cond" truecount="5" falsecount="0"/>
          <line num="3" count="1" type="stmt"/>
          <line num="5" count="1" type="stmt"/>
          <line num="7" count="1" type="stmt"/>
          <line num="9" count="2" type="cond" truecount="4" falsecount="0"/>
          <line num="10" count="1" type="stmt"/>
          <line num="12" count="1" type="stmt"/>
        </file>
        <file name="showWelcome.js" path="/home/symeshjb/workspace/raidLeader/client/reducers/showWelcome.js">
          <metrics statements="5" coveredstatements="5" conditionals="5" coveredconditionals="5" methods="1" coveredmethods="1"/>
          <line num="2" count="5" type="cond" truecount="4" falsecount="0"/>
          <line num="3" count="1" type="stmt"/>
          <line num="4" count="2" type="stmt"/>
          <line num="5" count="1" type="stmt"/>
          <line num="6" count="1" type="stmt"/>
        </file>
        <file name="spellBook.js" path="/home/symeshjb/workspace/raidLeader/client/reducers/spellBook.js">
          <metrics statements="6" coveredstatements="6" conditionals="6" coveredconditionals="6" methods="2" coveredmethods="2"/>
          <line num="2" count="5" type="cond" truecount="5" falsecount="0"/>
          <line num="3" count="1" type="stmt"/>
          <line num="5" count="1" type="stmt"/>
          <line num="7" count="1" type="stmt"/>
          <line num="9" count="2" type="stmt"/>
          <line num="10" count="1" type="stmt"/>
        </file>
        <file name="started.js" path="/home/symeshjb/workspace/raidLeader/client/reducers/started.js">
          <metrics statements="8" coveredstatements="7" conditionals="8" coveredconditionals="7" methods="1" coveredmethods="1"/>
          <line num="3" count="6" type="cond" truecount="6" falsecount="1"/>
          <line num="4" count="1" type="stmt"/>
          <line num="5" count="1" type="stmt"/>
          <line num="6" count="1" type="stmt"/>
          <line num="7" count="0" type="stmt"/>
          <line num="8" count="1" type="stmt"/>
          <line num="9" count="1" type="stmt"/>
          <line num="10" count="1" type="stmt"/>
        </file>
        <file name="weapons.js" path="/home/symeshjb/workspace/raidLeader/client/reducers/weapons.js">
          <metrics statements="6" coveredstatements="6" conditionals="5" coveredconditionals="5" methods="1" coveredmethods="1"/>
          <line num="2" count="4" type="stmt"/>
          <line num="3" count="4" type="cond" truecount="4" falsecount="0"/>
          <line num="4" count="1" type="stmt"/>
          <line num="6" count="1" type="stmt"/>
          <line num="8" count="1" type="stmt"/>
          <line num="9" count="1" type="stmt"/>
        </file>
      </package>
      <package name="raidLeader.server">
        <metrics statements="16" coveredstatements="16" conditionals="0" coveredconditionals="0" methods="0" coveredmethods="0"/>
        <file name="server.js" path="/home/symeshjb/workspace/raidLeader/server/server.js">
          <metrics statements="16" coveredstatements="16" conditionals="0" coveredconditionals="0" methods="0" coveredmethods="0"/>
          <line num="1" count="4" type="stmt"/>
          <line num="2" count="4" type="stmt"/>
          <line num="3" count="4" type="stmt"/>
          <line num="4" count="4" type="stmt"/>
          <line num="5" count="4" type="stmt"/>
          <line num="7" count="4" type="stmt"/>
          <line num="9" count="4" type="stmt"/>
          <line num="11" count="4" type="stmt"/>
          <line num="12" count="4" type="stmt"/>
          <line num="13" count="4" type="stmt"/>
          <line num="15" count="4" type="stmt"/>
          <line num="16" count="4" type="stmt"/>
          <line num="17" count="4" type="stmt"/>
          <line num="18" count="4" type="stmt"/>
          <line num="19" count="4" type="stmt"/>
          <line num="21" count="4" type="stmt"/>
        </file>
      </package>
      <package name="raidLeader.server.auth">
        <metrics statements="19" coveredstatements="9" conditionals="4" coveredconditionals="0" methods="9" coveredmethods="2"/>
        <file name="hash.js" path="/home/symeshjb/workspace/raidLeader/server/auth/hash.js">
          <metrics statements="4" coveredstatements="2" conditionals="0" coveredconditionals="0" methods="2" coveredmethods="0"/>
          <line num="1" count="4" type="stmt"/>
          <line num="4" count="0" type="stmt"/>
          <line num="8" count="0" type="stmt"/>
          <line num="11" count="4" type="stmt"/>
        </file>
        <file name="token.js" path="/home/symeshjb/workspace/raidLeader/server/auth/token.js">
          <metrics statements="15" coveredstatements="7" conditionals="4" coveredconditionals="0" methods="7" coveredmethods="2"/>
          <line num="1" count="4" type="stmt"/>
          <line num="2" count="4" type="stmt"/>
          <line num="3" count="4" type="stmt"/>
          <line num="4" count="4" type="stmt"/>
          <line num="7" count="0" type="stmt"/>
          <line num="9" count="0" type="stmt"/>
          <line num="10" count="0" type="cond" truecount="0" falsecount="2"/>
          <line num="11" count="0" type="cond" truecount="0" falsecount="2"/>
          <line num="13" count="0" type="stmt"/>
          <line num="14" count="0" type="stmt"/>
          <line num="21" count="0" type="stmt"/>
          <line num="25" count="0" type="stmt"/>
          <line num="34" count="15" type="stmt"/>
          <line num="38" count="15" type="stmt"/>
          <line num="41" count="4" type="stmt"/>
        </file>
      </package>
      <package name="raidLeader.server.db">
        <metrics statements="48" coveredstatements="20" conditionals="10" coveredconditionals="4" methods="29" coveredmethods="0"/>
        <file name="dungeons.js" path="/home/symeshjb/workspace/raidLeader/server/db/dungeons.js">
          <metrics statements="8" coveredstatements="4" conditionals="2" coveredconditionals="1" methods="4" coveredmethods="0"/>
          <line num="1" count="3" type="stmt"/>
          <line num="2" count="3" type="cond" truecount="1" falsecount="1"/>
          <line num="3" count="3" type="stmt"/>
          <line num="5" count="3" type="stmt"/>
          <line num="6" count="0" type="stmt"/>
          <line num="7" count="0" type="stmt"/>
          <line num="8" count="0" type="stmt"/>
          <line num="9" count="0" type="stmt"/>
        </file>
        <file name="player.js" path="/home/symeshjb/workspace/raidLeader/server/db/player.js">
          <metrics statements="11" coveredstatements="5" conditionals="2" coveredconditionals="1" methods="7" coveredmethods="0"/>
          <line num="1" count="3" type="stmt"/>
          <line num="2" count="3" type="cond" truecount="1" falsecount="1"/>
          <line num="3" count="3" type="stmt"/>
          <line num="5" count="3" type="stmt"/>
          <line num="7" count="3" type="stmt"/>
          <line num="8" count="0" type="stmt"/>
          <line num="9" count="0" type="stmt"/>
          <line num="10" count="0" type="stmt"/>
          <line num="11" count="0" type="stmt"/>
          <line num="12" count="0" type="stmt"/>
          <line num="13" count="0" type="stmt"/>
        </file>
        <file name="recruits.js" path="/home/symeshjb/workspace/raidLeader/server/db/recruits.js">
          <metrics statements="11" coveredstatements="5" conditionals="2" coveredconditionals="1" methods="7" coveredmethods="0"/>
          <line num="1" count="2" type="stmt"/>
          <line num="2" count="2" type="cond" truecount="1" falsecount="1"/>
          <line num="3" count="2" type="stmt"/>
          <line num="5" count="2" type="stmt"/>
          <line num="7" count="2" type="stmt"/>
          <line num="8" count="0" type="stmt"/>
          <line num="9" count="0" type="stmt"/>
          <line num="10" count="0" type="stmt"/>
          <line num="11" count="0" type="stmt"/>
          <line num="12" count="0" type="stmt"/>
          <line num="13" count="0" type="stmt"/>
        </file>
        <file name="spells.js" path="/home/symeshjb/workspace/raidLeader/server/db/spells.js">
          <metrics statements="8" coveredstatements="4" conditionals="2" coveredconditionals="1" methods="4" coveredmethods="0"/>
          <line num="1" count="2" type="stmt"/>
          <line num="2" count="2" type="cond" truecount="1" falsecount="1"/>
          <line num="3" count="2" type="stmt"/>
          <line num="5" count="2" type="stmt"/>
          <line num="6" count="0" type="stmt"/>
          <line num="7" count="0" type="stmt"/>
          <line num="8" count="0" type="stmt"/>
          <line num="9" count="0" type="stmt"/>
        </file>
        <file name="users.js" path="/home/symeshjb/workspace/raidLeader/server/db/users.js">
          <metrics statements="10" coveredstatements="2" conditionals="2" coveredconditionals="0" methods="7" coveredmethods="0"/>
          <line num="1" count="4" type="stmt"/>
          <line num="4" count="0" type="stmt"/>
          <line num="5" count="0" type="stmt"/>
          <line num="6" count="0" type="cond" truecount="0" falsecount="2"/>
          <line num="7" count="0" type="stmt"/>
          <line num="9" count="0" type="stmt"/>
          <line num="15" count="0" type="stmt"/>
          <line num="16" count="0" type="stmt"/>
          <line num="20" count="0" type="stmt"/>
          <line num="25" count="4" type="stmt"/>
        </file>
      </package>
      <package name="raidLeader.server.routes">
        <metrics statements="86" coveredstatements="79" conditionals="2" coveredconditionals="0" methods="43" coveredmethods="38"/>
        <file name="auth.js" path="/home/symeshjb/workspace/raidLeader/server/routes/auth.js">
          <metrics statements="12" coveredstatements="6" conditionals="2" coveredconditionals="0" methods="4" coveredmethods="0"/>
          <line num="1" count="4" type="stmt"/>
          <line num="3" count="4" type="stmt"/>
          <line num="4" count="4" type="stmt"/>
          <line num="6" count="4" type="stmt"/>
          <line num="9" count="0" type="stmt"/>
          <line num="10" count="0" type="stmt"/>
          <line num="12" count="0" type="cond" truecount="0" falsecount="2"/>
          <line num="13" count="0" type="stmt"/>
          <line num="14" count="0" type="stmt"/>
          <line num="16" count="0" type="stmt"/>
          <line num="21" count="4" type="stmt"/>
          <line num="23" count="4" type="stmt"/>
        </file>
        <file name="dungeons.js" path="/home/symeshjb/workspace/raidLeader/server/routes/dungeons.js">
          <metrics statements="14" coveredstatements="14" conditionals="0" coveredconditionals="0" methods="7" coveredmethods="7"/>
          <line num="1" count="4" type="stmt"/>
          <line num="2" count="4" type="stmt"/>
          <line num="4" count="4" type="stmt"/>
          <line num="6" count="4" type="stmt"/>
          <line num="7" count="1" type="stmt"/>
          <line num="9" count="1" type="stmt"/>
          <line num="11" count="1" type="stmt"/>
          <line num="12" count="2" type="stmt"/>
          <line num="13" count="2" type="stmt"/>
          <line num="15" count="1" type="stmt"/>
          <line num="20" count="4" type="stmt"/>
          <line num="21" count="1" type="stmt"/>
          <line num="22" count="1" type="stmt"/>
          <line num="25" count="4" type="stmt"/>
        </file>
        <file name="player.js" path="/home/symeshjb/workspace/raidLeader/server/routes/player.js">
          <metrics statements="30" coveredstatements="29" conditionals="0" coveredconditionals="0" methods="18" coveredmethods="17"/>
          <line num="1" count="4" type="stmt"/>
          <line num="3" count="4" type="stmt"/>
          <line num="4" count="4" type="stmt"/>
          <line num="5" count="4" type="stmt"/>
          <line num="6" count="4" type="stmt"/>
          <line num="8" count="4" type="stmt"/>
          <line num="9" count="1" type="stmt"/>
          <line num="10" count="1" type="stmt"/>
          <line num="13" count="4" type="stmt"/>
          <line num="14" count="1" type="stmt"/>
          <line num="16" count="1" type="stmt"/>
          <line num="17" count="1" type="stmt"/>
          <line num="21" count="4" type="stmt"/>
          <line num="22" count="1" type="stmt"/>
          <line num="23" count="1" type="stmt"/>
          <line num="26" count="4" type="stmt"/>
          <line num="27" count="1" type="stmt"/>
          <line num="28" count="1" type="stmt"/>
          <line num="31" count="4" type="stmt"/>
          <line num="32" count="1" type="stmt"/>
          <line num="34" count="1" type="stmt"/>
          <line num="36" count="1" type="stmt"/>
          <line num="37" count="1" type="stmt"/>
          <line num="40" count="0" type="stmt"/>
          <line num="43" count="4" type="stmt"/>
          <line num="44" count="1" type="stmt"/>
          <line num="46" count="1" type="stmt"/>
          <line num="48" count="1" type="stmt"/>
          <line num="50" count="1" type="stmt"/>
          <line num="56" count="4" type="stmt"/>
        </file>
        <file name="recruits.js" path="/home/symeshjb/workspace/raidLeader/server/routes/recruits.js">
          <metrics statements="17" coveredstatements="17" conditionals="0" coveredconditionals="0" methods="8" coveredmethods="8"/>
          <line num="1" count="4" type="stmt"/>
          <line num="2" count="4" type="stmt"/>
          <line num="4" count="4" type="stmt"/>
          <line num="6" count="4" type="stmt"/>
          <line num="7" count="1" type="stmt"/>
          <line num="8" count="1" type="stmt"/>
          <line num="11" count="4" type="stmt"/>
          <line num="12" count="1" type="stmt"/>
          <line num="13" count="1" type="stmt"/>
          <line num="14" count="1" type="stmt"/>
          <line num="17" count="4" type="stmt"/>
          <line num="18" count="1" type="stmt"/>
          <line num="19" count="1" type="stmt"/>
          <line num="22" count="4" type="stmt"/>
          <line num="23" count="1" type="stmt"/>
          <line num="24" count="1" type="stmt"/>
          <line num="27" count="4" type="stmt"/>
        </file>
        <file name="spells.js" path="/home/symeshjb/workspace/raidLeader/server/routes/spells.js">
          <metrics statements="13" coveredstatements="13" conditionals="0" coveredconditionals="0" methods="6" coveredmethods="6"/>
          <line num="1" count="4" type="stmt"/>
          <line num="2" count="4" type="stmt"/>
          <line num="4" count="4" type="stmt"/>
          <line num="6" count="4" type="stmt"/>
          <line num="7" count="1" type="stmt"/>
          <line num="8" count="1" type="stmt"/>
          <line num="11" count="4" type="stmt"/>
          <line num="12" count="1" type="stmt"/>
          <line num="13" count="1" type="stmt"/>
          <line num="17" count="4" type="stmt"/>
          <line num="18" count="1" type="stmt"/>
          <line num="19" count="1" type="stmt"/>
          <line num="22" count="4" type="stmt"/>
        </file>
      </package>
    </metrics>
  </project>
</coverage>
