{"/home/symeshjb/workspace/raidLeader/knexfile.js": {"path":"/home/symeshjb/workspace/raidLeader/knexfile.js","statementMap":{"0":{"start":{"line":3,"column":0},"end":{"line":33,"column":2}}},"fnMap":{},"branchMap":{},"s":{"0":4},"f":{},"b":{},"_coverageSchema":"332fd63041d2c1bcb487cc26dd0d5f7d97098a6c","hash":"75248d282eafc30f4974bf4b786cce290610e332"}
,"/home/symeshjb/workspace/raidLeader/client/reducers/boss.js": {"path":"/home/symeshjb/workspace/raidLeader/client/reducers/boss.js","statementMap":{"0":{"start":{"line":2,"column":17},"end":{"line":2,"column":27}},"1":{"start":{"line":3,"column":2},"end":{"line":111,"column":3}},"2":{"start":{"line":4,"column":19},"end":{"line":4,"column":30}},"3":{"start":{"line":6,"column":6},"end":{"line":6,"column":17}},"4":{"start":{"line":8,"column":6},"end":{"line":8,"column":17}},"5":{"start":{"line":10,"column":6},"end":{"line":13,"column":8}},"6":{"start":{"line":11,"column":8},"end":{"line":11,"column":32}},"7":{"start":{"line":12,"column":8},"end":{"line":12,"column":25}},"8":{"start":{"line":14,"column":6},"end":{"line":14,"column":29}},"9":{"start":{"line":16,"column":6},"end":{"line":16,"column":35}},"10":{"start":{"line":17,"column":6},"end":{"line":17,"column":83}},"11":{"start":{"line":17,"column":48},"end":{"line":17,"column":83}},"12":{"start":{"line":18,"column":6},"end":{"line":18,"column":21}},"13":{"start":{"line":20,"column":6},"end":{"line":20,"column":34}},"14":{"start":{"line":21,"column":6},"end":{"line":21,"column":77}},"15":{"start":{"line":21,"column":45},"end":{"line":21,"column":77}},"16":{"start":{"line":22,"column":6},"end":{"line":22,"column":21}},"17":{"start":{"line":24,"column":6},"end":{"line":24,"column":35}},"18":{"start":{"line":25,"column":6},"end":{"line":25,"column":48}},"19":{"start":{"line":25,"column":30},"end":{"line":25,"column":48}},"20":{"start":{"line":26,"column":6},"end":{"line":26,"column":21}},"21":{"start":{"line":28,"column":6},"end":{"line":28,"column":33}},"22":{"start":{"line":29,"column":6},"end":{"line":29,"column":70}},"23":{"start":{"line":29,"column":41},"end":{"line":29,"column":70}},"24":{"start":{"line":30,"column":6},"end":{"line":30,"column":21}},"25":{"start":{"line":32,"column":19},"end":{"line":32,"column":31}},"26":{"start":{"line":33,"column":6},"end":{"line":39,"column":7}},"27":{"start":{"line":34,"column":8},"end":{"line":34,"column":30}},"28":{"start":{"line":35,"column":8},"end":{"line":35,"column":18}},"29":{"start":{"line":37,"column":8},"end":{"line":37,"column":30}},"30":{"start":{"line":38,"column":8},"end":{"line":38,"column":26}},"31":{"start":{"line":40,"column":6},"end":{"line":40,"column":26}},"32":{"start":{"line":41,"column":6},"end":{"line":41,"column":42}},"33":{"start":{"line":41,"column":27},"end":{"line":41,"column":42}},"34":{"start":{"line":42,"column":6},"end":{"line":42,"column":21}},"35":{"start":{"line":44,"column":6},"end":{"line":44,"column":27}},"36":{"start":{"line":45,"column":6},"end":{"line":51,"column":7}},"37":{"start":{"line":46,"column":8},"end":{"line":46,"column":30}},"38":{"start":{"line":47,"column":8},"end":{"line":47,"column":18}},"39":{"start":{"line":49,"column":8},"end":{"line":49,"column":30}},"40":{"start":{"line":50,"column":8},"end":{"line":50,"column":26}},"41":{"start":{"line":52,"column":6},"end":{"line":52,"column":26}},"42":{"start":{"line":53,"column":6},"end":{"line":53,"column":42}},"43":{"start":{"line":53,"column":27},"end":{"line":53,"column":42}},"44":{"start":{"line":54,"column":6},"end":{"line":54,"column":21}},"45":{"start":{"line":56,"column":6},"end":{"line":56,"column":31}},"46":{"start":{"line":57,"column":6},"end":{"line":57,"column":21}},"47":{"start":{"line":58,"column":6},"end":{"line":58,"column":40}},"48":{"start":{"line":59,"column":6},"end":{"line":59,"column":42}},"49":{"start":{"line":59,"column":27},"end":{"line":59,"column":42}},"50":{"start":{"line":60,"column":6},"end":{"line":60,"column":21}},"51":{"start":{"line":62,"column":6},"end":{"line":62,"column":51}},"52":{"start":{"line":63,"column":6},"end":{"line":63,"column":42}},"53":{"start":{"line":63,"column":27},"end":{"line":63,"column":42}},"54":{"start":{"line":64,"column":6},"end":{"line":64,"column":21}},"55":{"start":{"line":66,"column":6},"end":{"line":66,"column":46}},"56":{"start":{"line":67,"column":6},"end":{"line":67,"column":21}},"57":{"start":{"line":69,"column":6},"end":{"line":69,"column":40}},"58":{"start":{"line":69,"column":25},"end":{"line":69,"column":40}},"59":{"start":{"line":70,"column":18},"end":{"line":70,"column":88}},"60":{"start":{"line":70,"column":52},"end":{"line":70,"column":87}},"61":{"start":{"line":71,"column":6},"end":{"line":71,"column":33}},"62":{"start":{"line":71,"column":18},"end":{"line":71,"column":33}},"63":{"start":{"line":72,"column":6},"end":{"line":72,"column":31}},"64":{"start":{"line":73,"column":6},"end":{"line":73,"column":21}},"65":{"start":{"line":75,"column":6},"end":{"line":75,"column":40}},"66":{"start":{"line":75,"column":25},"end":{"line":75,"column":40}},"67":{"start":{"line":76,"column":6},"end":{"line":76,"column":84}},"68":{"start":{"line":76,"column":48},"end":{"line":76,"column":83}},"69":{"start":{"line":77,"column":6},"end":{"line":77,"column":33}},"70":{"start":{"line":77,"column":18},"end":{"line":77,"column":33}},"71":{"start":{"line":78,"column":6},"end":{"line":78,"column":32}},"72":{"start":{"line":79,"column":6},"end":{"line":79,"column":33}},"73":{"start":{"line":80,"column":6},"end":{"line":80,"column":38}},"74":{"start":{"line":81,"column":6},"end":{"line":81,"column":29}},"75":{"start":{"line":82,"column":6},"end":{"line":82,"column":21}},"76":{"start":{"line":84,"column":6},"end":{"line":84,"column":40}},"77":{"start":{"line":84,"column":25},"end":{"line":84,"column":40}},"78":{"start":{"line":85,"column":6},"end":{"line":85,"column":74}},"79":{"start":{"line":85,"column":48},"end":{"line":85,"column":73}},"80":{"start":{"line":86,"column":6},"end":{"line":86,"column":33}},"81":{"start":{"line":86,"column":18},"end":{"line":86,"column":33}},"82":{"start":{"line":87,"column":6},"end":{"line":87,"column":30}},"83":{"start":{"line":88,"column":6},"end":{"line":88,"column":21}},"84":{"start":{"line":90,"column":6},"end":{"line":90,"column":41}},"85":{"start":{"line":91,"column":6},"end":{"line":91,"column":21}},"86":{"start":{"line":93,"column":6},"end":{"line":93,"column":37}},"87":{"start":{"line":94,"column":6},"end":{"line":94,"column":21}},"88":{"start":{"line":96,"column":6},"end":{"line":96,"column":34}},"89":{"start":{"line":97,"column":6},"end":{"line":97,"column":48}},"90":{"start":{"line":97,"column":30},"end":{"line":97,"column":48}},"91":{"start":{"line":98,"column":6},"end":{"line":98,"column":21}},"92":{"start":{"line":100,"column":6},"end":{"line":100,"column":41}},"93":{"start":{"line":101,"column":6},"end":{"line":101,"column":21}},"94":{"start":{"line":103,"column":6},"end":{"line":103,"column":89}},"95":{"start":{"line":103,"column":54},"end":{"line":103,"column":89}},"96":{"start":{"line":104,"column":6},"end":{"line":104,"column":21}},"97":{"start":{"line":106,"column":6},"end":{"line":108,"column":7}},"98":{"start":{"line":107,"column":8},"end":{"line":107,"column":41}},"99":{"start":{"line":109,"column":6},"end":{"line":109,"column":21}},"100":{"start":{"line":110,"column":13},"end":{"line":110,"column":25}}},"fnMap":{"0":{"name":"boss","decl":{"start":{"line":1,"column":24},"end":{"line":1,"column":28}},"loc":{"start":{"line":1,"column":52},"end":{"line":112,"column":1}},"line":1},"1":{"name":"(anonymous_1)","decl":{"start":{"line":10,"column":29},"end":{"line":10,"column":30}},"loc":{"start":{"line":10,"column":38},"end":{"line":13,"column":7}},"line":10},"2":{"name":"(anonymous_2)","decl":{"start":{"line":70,"column":39},"end":{"line":70,"column":40}},"loc":{"start":{"line":70,"column":52},"end":{"line":70,"column":87}},"line":70},"3":{"name":"(anonymous_3)","decl":{"start":{"line":76,"column":35},"end":{"line":76,"column":36}},"loc":{"start":{"line":76,"column":48},"end":{"line":76,"column":83}},"line":76},"4":{"name":"(anonymous_4)","decl":{"start":{"line":85,"column":35},"end":{"line":85,"column":36}},"loc":{"start":{"line":85,"column":48},"end":{"line":85,"column":73}},"line":85}},"branchMap":{"0":{"loc":{"start":{"line":1,"column":30},"end":{"line":1,"column":42}},"type":"default-arg","locations":[{"start":{"line":1,"column":38},"end":{"line":1,"column":42}}],"line":1},"1":{"loc":{"start":{"line":3,"column":2},"end":{"line":111,"column":3}},"type":"switch","locations":[{"start":{"line":4,"column":4},"end":{"line":4,"column":30}},{"start":{"line":5,"column":4},"end":{"line":6,"column":17}},{"start":{"line":7,"column":4},"end":{"line":8,"column":17}},{"start":{"line":9,"column":4},"end":{"line":14,"column":29}},{"start":{"line":15,"column":4},"end":{"line":18,"column":21}},{"start":{"line":19,"column":4},"end":{"line":22,"column":21}},{"start":{"line":23,"column":4},"end":{"line":26,"column":21}},{"start":{"line":27,"column":4},"end":{"line":30,"column":21}},{"start":{"line":31,"column":4},"end":{"line":42,"column":21}},{"start":{"line":43,"column":4},"end":{"line":54,"column":21}},{"start":{"line":55,"column":4},"end":{"line":60,"column":21}},{"start":{"line":61,"column":4},"end":{"line":64,"column":21}},{"start":{"line":65,"column":4},"end":{"line":67,"column":21}},{"start":{"line":68,"column":4},"end":{"line":73,"column":21}},{"start":{"line":74,"column":4},"end":{"line":82,"column":21}},{"start":{"line":83,"column":4},"end":{"line":88,"column":21}},{"start":{"line":89,"column":4},"end":{"line":91,"column":21}},{"start":{"line":92,"column":4},"end":{"line":94,"column":21}},{"start":{"line":95,"column":4},"end":{"line":98,"column":21}},{"start":{"line":99,"column":4},"end":{"line":101,"column":21}},{"start":{"line":102,"column":4},"end":{"line":104,"column":21}},{"start":{"line":105,"column":4},"end":{"line":109,"column":21}},{"start":{"line":110,"column":4},"end":{"line":110,"column":25}}],"line":3},"2":{"loc":{"start":{"line":17,"column":6},"end":{"line":17,"column":83}},"type":"if","locations":[{"start":{"line":17,"column":6},"end":{"line":17,"column":83}},{"start":{"line":17,"column":6},"end":{"line":17,"column":83}}],"line":17},"3":{"loc":{"start":{"line":21,"column":6},"end":{"line":21,"column":77}},"type":"if","locations":[{"start":{"line":21,"column":6},"end":{"line":21,"column":77}},{"start":{"line":21,"column":6},"end":{"line":21,"column":77}}],"line":21},"4":{"loc":{"start":{"line":25,"column":6},"end":{"line":25,"column":48}},"type":"if","locations":[{"start":{"line":25,"column":6},"end":{"line":25,"column":48}},{"start":{"line":25,"column":6},"end":{"line":25,"column":48}}],"line":25},"5":{"loc":{"start":{"line":29,"column":6},"end":{"line":29,"column":70}},"type":"if","locations":[{"start":{"line":29,"column":6},"end":{"line":29,"column":70}},{"start":{"line":29,"column":6},"end":{"line":29,"column":70}}],"line":29},"6":{"loc":{"start":{"line":33,"column":6},"end":{"line":39,"column":7}},"type":"if","locations":[{"start":{"line":33,"column":6},"end":{"line":39,"column":7}},{"start":{"line":33,"column":6},"end":{"line":39,"column":7}}],"line":33},"7":{"loc":{"start":{"line":41,"column":6},"end":{"line":41,"column":42}},"type":"if","locations":[{"start":{"line":41,"column":6},"end":{"line":41,"column":42}},{"start":{"line":41,"column":6},"end":{"line":41,"column":42}}],"line":41},"8":{"loc":{"start":{"line":45,"column":6},"end":{"line":51,"column":7}},"type":"if","locations":[{"start":{"line":45,"column":6},"end":{"line":51,"column":7}},{"start":{"line":45,"column":6},"end":{"line":51,"column":7}}],"line":45},"9":{"loc":{"start":{"line":53,"column":6},"end":{"line":53,"column":42}},"type":"if","locations":[{"start":{"line":53,"column":6},"end":{"line":53,"column":42}},{"start":{"line":53,"column":6},"end":{"line":53,"column":42}}],"line":53},"10":{"loc":{"start":{"line":59,"column":6},"end":{"line":59,"column":42}},"type":"if","locations":[{"start":{"line":59,"column":6},"end":{"line":59,"column":42}},{"start":{"line":59,"column":6},"end":{"line":59,"column":42}}],"line":59},"11":{"loc":{"start":{"line":63,"column":6},"end":{"line":63,"column":42}},"type":"if","locations":[{"start":{"line":63,"column":6},"end":{"line":63,"column":42}},{"start":{"line":63,"column":6},"end":{"line":63,"column":42}}],"line":63},"12":{"loc":{"start":{"line":69,"column":6},"end":{"line":69,"column":40}},"type":"if","locations":[{"start":{"line":69,"column":6},"end":{"line":69,"column":40}},{"start":{"line":69,"column":6},"end":{"line":69,"column":40}}],"line":69},"13":{"loc":{"start":{"line":71,"column":6},"end":{"line":71,"column":33}},"type":"if","locations":[{"start":{"line":71,"column":6},"end":{"line":71,"column":33}},{"start":{"line":71,"column":6},"end":{"line":71,"column":33}}],"line":71},"14":{"loc":{"start":{"line":75,"column":6},"end":{"line":75,"column":40}},"type":"if","locations":[{"start":{"line":75,"column":6},"end":{"line":75,"column":40}},{"start":{"line":75,"column":6},"end":{"line":75,"column":40}}],"line":75},"15":{"loc":{"start":{"line":77,"column":6},"end":{"line":77,"column":33}},"type":"if","locations":[{"start":{"line":77,"column":6},"end":{"line":77,"column":33}},{"start":{"line":77,"column":6},"end":{"line":77,"column":33}}],"line":77},"16":{"loc":{"start":{"line":84,"column":6},"end":{"line":84,"column":40}},"type":"if","locations":[{"start":{"line":84,"column":6},"end":{"line":84,"column":40}},{"start":{"line":84,"column":6},"end":{"line":84,"column":40}}],"line":84},"17":{"loc":{"start":{"line":86,"column":6},"end":{"line":86,"column":33}},"type":"if","locations":[{"start":{"line":86,"column":6},"end":{"line":86,"column":33}},{"start":{"line":86,"column":6},"end":{"line":86,"column":33}}],"line":86},"18":{"loc":{"start":{"line":97,"column":6},"end":{"line":97,"column":48}},"type":"if","locations":[{"start":{"line":97,"column":6},"end":{"line":97,"column":48}},{"start":{"line":97,"column":6},"end":{"line":97,"column":48}}],"line":97},"19":{"loc":{"start":{"line":103,"column":6},"end":{"line":103,"column":89}},"type":"if","locations":[{"start":{"line":103,"column":6},"end":{"line":103,"column":89}},{"start":{"line":103,"column":6},"end":{"line":103,"column":89}}],"line":103}},"s":{"0":44,"1":44,"2":1,"3":1,"4":1,"5":1,"6":2,"7":2,"8":1,"9":2,"10":2,"11":1,"12":2,"13":2,"14":2,"15":1,"16":2,"17":2,"18":2,"19":1,"20":2,"21":2,"22":2,"23":1,"24":2,"25":3,"26":3,"27":1,"28":1,"29":2,"30":2,"31":3,"32":3,"33":1,"34":3,"35":3,"36":3,"37":1,"38":1,"39":2,"40":2,"41":3,"42":3,"43":1,"44":3,"45":3,"46":3,"47":3,"48":3,"49":1,"50":3,"51":2,"52":2,"53":1,"54":2,"55":1,"56":1,"57":3,"58":1,"59":2,"60":3,"61":2,"62":1,"63":1,"64":1,"65":3,"66":1,"67":2,"68":3,"69":2,"70":1,"71":1,"72":1,"73":1,"74":1,"75":1,"76":3,"77":1,"78":2,"79":3,"80":2,"81":1,"82":1,"83":1,"84":2,"85":2,"86":2,"87":2,"88":2,"89":2,"90":1,"91":2,"92":1,"93":1,"94":2,"95":1,"96":2,"97":1,"98":3,"99":1,"100":1},"f":{"0":44,"1":2,"2":3,"3":3,"4":3},"b":{"0":[2],"1":[1,1,1,1,2,2,2,2,3,3,3,2,1,3,3,3,2,2,2,1,2,1,1],"2":[1,1],"3":[1,1],"4":[1,1],"5":[1,1],"6":[1,2],"7":[1,2],"8":[1,2],"9":[1,2],"10":[1,2],"11":[1,1],"12":[1,2],"13":[1,1],"14":[1,2],"15":[1,1],"16":[1,2],"17":[1,1],"18":[1,1],"19":[1,1]},"_coverageSchema":"332fd63041d2c1bcb487cc26dd0d5f7d97098a6c","hash":"3a43e204707a2eefe92851c0907f57d7fff42be6"}
,"/home/symeshjb/workspace/raidLeader/client/reducers/dungeons.js": {"path":"/home/symeshjb/workspace/raidLeader/client/reducers/dungeons.js","statementMap":{"0":{"start":{"line":2,"column":17},"end":{"line":2,"column":27}},"1":{"start":{"line":3,"column":2},"end":{"line":12,"column":3}},"2":{"start":{"line":4,"column":19},"end":{"line":4,"column":28}},"3":{"start":{"line":6,"column":6},"end":{"line":6,"column":33}},"4":{"start":{"line":8,"column":20},"end":{"line":8,"column":77}},"5":{"start":{"line":8,"column":45},"end":{"line":8,"column":76}},"6":{"start":{"line":9,"column":6},"end":{"line":9,"column":32}},"7":{"start":{"line":10,"column":6},"end":{"line":10,"column":21}},"8":{"start":{"line":11,"column":13},"end":{"line":11,"column":25}}},"fnMap":{"0":{"name":"(anonymous_0)","decl":{"start":{"line":1,"column":15},"end":{"line":1,"column":16}},"loc":{"start":{"line":1,"column":45},"end":{"line":13,"column":1}},"line":1},"1":{"name":"(anonymous_1)","decl":{"start":{"line":8,"column":34},"end":{"line":8,"column":35}},"loc":{"start":{"line":8,"column":45},"end":{"line":8,"column":76}},"line":8}},"branchMap":{"0":{"loc":{"start":{"line":1,"column":25},"end":{"line":1,"column":35}},"type":"default-arg","locations":[{"start":{"line":1,"column":33},"end":{"line":1,"column":35}}],"line":1},"1":{"loc":{"start":{"line":3,"column":2},"end":{"line":12,"column":3}},"type":"switch","locations":[{"start":{"line":4,"column":4},"end":{"line":4,"column":28}},{"start":{"line":5,"column":4},"end":{"line":6,"column":33}},{"start":{"line":7,"column":4},"end":{"line":10,"column":21}},{"start":{"line":11,"column":4},"end":{"line":11,"column":25}}],"line":3}},"s":{"0":4,"1":4,"2":1,"3":1,"4":1,"5":1,"6":1,"7":1,"8":1},"f":{"0":4,"1":1},"b":{"0":[1],"1":[1,1,1,1]},"_coverageSchema":"332fd63041d2c1bcb487cc26dd0d5f7d97098a6c","hash":"8ac6ca144706289d2439aae3940cdc11f77bf961"}
,"/home/symeshjb/workspace/raidLeader/client/reducers/friendlyTarget.js": {"path":"/home/symeshjb/workspace/raidLeader/client/reducers/friendlyTarget.js","statementMap":{"0":{"start":{"line":3,"column":19},"end":{"line":3,"column":29}},"1":{"start":{"line":4,"column":2},"end":{"line":20,"column":3}},"2":{"start":{"line":5,"column":19},"end":{"line":5,"column":30}},"3":{"start":{"line":7,"column":6},"end":{"line":7,"column":17}},"4":{"start":{"line":9,"column":6},"end":{"line":9,"column":17}},"5":{"start":{"line":11,"column":6},"end":{"line":12,"column":23}},"6":{"start":{"line":11,"column":33},"end":{"line":11,"column":53}},"7":{"start":{"line":12,"column":11},"end":{"line":12,"column":23}},"8":{"start":{"line":14,"column":6},"end":{"line":14,"column":26}},"9":{"start":{"line":16,"column":6},"end":{"line":17,"column":23}},"10":{"start":{"line":16,"column":40},"end":{"line":16,"column":51}},"11":{"start":{"line":17,"column":11},"end":{"line":17,"column":23}},"12":{"start":{"line":19,"column":6},"end":{"line":19,"column":18}}},"fnMap":{"0":{"name":"(anonymous_0)","decl":{"start":{"line":2,"column":15},"end":{"line":2,"column":16}},"loc":{"start":{"line":2,"column":47},"end":{"line":21,"column":1}},"line":2}},"branchMap":{"0":{"loc":{"start":{"line":2,"column":25},"end":{"line":2,"column":37}},"type":"default-arg","locations":[{"start":{"line":2,"column":33},"end":{"line":2,"column":37}}],"line":2},"1":{"loc":{"start":{"line":4,"column":2},"end":{"line":20,"column":3}},"type":"switch","locations":[{"start":{"line":5,"column":4},"end":{"line":5,"column":30}},{"start":{"line":6,"column":4},"end":{"line":7,"column":17}},{"start":{"line":8,"column":4},"end":{"line":9,"column":17}},{"start":{"line":10,"column":4},"end":{"line":12,"column":23}},{"start":{"line":13,"column":4},"end":{"line":14,"column":26}},{"start":{"line":15,"column":4},"end":{"line":17,"column":23}},{"start":{"line":18,"column":4},"end":{"line":19,"column":18}}],"line":4},"2":{"loc":{"start":{"line":11,"column":6},"end":{"line":12,"column":23}},"type":"if","locations":[{"start":{"line":11,"column":6},"end":{"line":12,"column":23}},{"start":{"line":11,"column":6},"end":{"line":12,"column":23}}],"line":11},"3":{"loc":{"start":{"line":16,"column":6},"end":{"line":17,"column":23}},"type":"if","locations":[{"start":{"line":16,"column":6},"end":{"line":17,"column":23}},{"start":{"line":16,"column":6},"end":{"line":17,"column":23}}],"line":16}},"s":{"0":9,"1":9,"2":1,"3":1,"4":1,"5":2,"6":1,"7":1,"8":1,"9":2,"10":1,"11":1,"12":1},"f":{"0":9},"b":{"0":[1],"1":[1,1,1,2,1,2,1],"2":[1,1],"3":[1,1]},"_coverageSchema":"332fd63041d2c1bcb487cc26dd0d5f7d97098a6c","hash":"bb122523caa09469d6320db2083838633ed15716"}
,"/home/symeshjb/workspace/raidLeader/client/reducers/gold.js": {"path":"/home/symeshjb/workspace/raidLeader/client/reducers/gold.js","statementMap":{"0":{"start":{"line":2,"column":2},"end":{"line":9,"column":3}},"1":{"start":{"line":3,"column":19},"end":{"line":3,"column":27}},"2":{"start":{"line":5,"column":6},"end":{"line":5,"column":24}},"3":{"start":{"line":7,"column":6},"end":{"line":7,"column":31}},"4":{"start":{"line":8,"column":13},"end":{"line":8,"column":25}}},"fnMap":{"0":{"name":"(anonymous_0)","decl":{"start":{"line":1,"column":15},"end":{"line":1,"column":16}},"loc":{"start":{"line":1,"column":44},"end":{"line":10,"column":1}},"line":1}},"branchMap":{"0":{"loc":{"start":{"line":1,"column":25},"end":{"line":1,"column":34}},"type":"default-arg","locations":[{"start":{"line":1,"column":33},"end":{"line":1,"column":34}}],"line":1},"1":{"loc":{"start":{"line":2,"column":2},"end":{"line":9,"column":3}},"type":"switch","locations":[{"start":{"line":3,"column":4},"end":{"line":3,"column":27}},{"start":{"line":4,"column":4},"end":{"line":5,"column":24}},{"start":{"line":6,"column":4},"end":{"line":7,"column":31}},{"start":{"line":8,"column":4},"end":{"line":8,"column":25}}],"line":2}},"s":{"0":4,"1":1,"2":1,"3":1,"4":1},"f":{"0":4},"b":{"0":[1],"1":[1,1,1,1]},"_coverageSchema":"332fd63041d2c1bcb487cc26dd0d5f7d97098a6c","hash":"b00e22456c67a483aef04f8515bc411f483a323f"}
,"/home/symeshjb/workspace/raidLeader/client/reducers/location.js": {"path":"/home/symeshjb/workspace/raidLeader/client/reducers/location.js","statementMap":{"0":{"start":{"line":3,"column":13},"end":{"line":7,"column":1}},"1":{"start":{"line":10,"column":17},"end":{"line":10,"column":32}},"2":{"start":{"line":11,"column":2},"end":{"line":11,"column":28}},"3":{"start":{"line":11,"column":17},"end":{"line":11,"column":28}},"4":{"start":{"line":12,"column":2},"end":{"line":12,"column":33}},"5":{"start":{"line":13,"column":2},"end":{"line":14,"column":22}},"6":{"start":{"line":13,"column":31},"end":{"line":13,"column":42}},"7":{"start":{"line":14,"column":7},"end":{"line":14,"column":22}},"8":{"start":{"line":18,"column":17},"end":{"line":18,"column":27}},"9":{"start":{"line":19,"column":2},"end":{"line":51,"column":3}},"10":{"start":{"line":21,"column":6},"end":{"line":21,"column":13}},"11":{"start":{"line":22,"column":6},"end":{"line":22,"column":17}},"12":{"start":{"line":24,"column":6},"end":{"line":24,"column":28}},"13":{"start":{"line":25,"column":6},"end":{"line":25,"column":47}},"14":{"start":{"line":26,"column":6},"end":{"line":26,"column":21}},"15":{"start":{"line":28,"column":6},"end":{"line":28,"column":43}},"16":{"start":{"line":29,"column":6},"end":{"line":29,"column":21}},"17":{"start":{"line":31,"column":17},"end":{"line":31,"column":90}},"18":{"start":{"line":31,"column":53},"end":{"line":31,"column":89}},"19":{"start":{"line":32,"column":6},"end":{"line":32,"column":28}},"20":{"start":{"line":33,"column":6},"end":{"line":33,"column":29}},"21":{"start":{"line":34,"column":6},"end":{"line":34,"column":47}},"22":{"start":{"line":35,"column":6},"end":{"line":35,"column":21}},"23":{"start":{"line":37,"column":6},"end":{"line":40,"column":8}},"24":{"start":{"line":38,"column":8},"end":{"line":38,"column":31}},"25":{"start":{"line":39,"column":8},"end":{"line":39,"column":19}},"26":{"start":{"line":41,"column":6},"end":{"line":41,"column":35}},"27":{"start":{"line":42,"column":6},"end":{"line":42,"column":53}},"28":{"start":{"line":43,"column":6},"end":{"line":43,"column":32}},"29":{"start":{"line":45,"column":6},"end":{"line":45,"column":43}},"30":{"start":{"line":46,"column":6},"end":{"line":46,"column":17}},"31":{"start":{"line":48,"column":6},"end":{"line":48,"column":43}},"32":{"start":{"line":49,"column":6},"end":{"line":49,"column":17}},"33":{"start":{"line":50,"column":13},"end":{"line":50,"column":25}}},"fnMap":{"0":{"name":"getLocation","decl":{"start":{"line":9,"column":9},"end":{"line":9,"column":20}},"loc":{"start":{"line":9,"column":24},"end":{"line":15,"column":1}},"line":9},"1":{"name":"(anonymous_1)","decl":{"start":{"line":17,"column":15},"end":{"line":17,"column":16}},"loc":{"start":{"line":17,"column":56},"end":{"line":52,"column":1}},"line":17},"2":{"name":"(anonymous_2)","decl":{"start":{"line":31,"column":38},"end":{"line":31,"column":39}},"loc":{"start":{"line":31,"column":53},"end":{"line":31,"column":89}},"line":31},"3":{"name":"(anonymous_3)","decl":{"start":{"line":37,"column":32},"end":{"line":37,"column":33}},"loc":{"start":{"line":37,"column":40},"end":{"line":40,"column":7}},"line":37}},"branchMap":{"0":{"loc":{"start":{"line":11,"column":2},"end":{"line":11,"column":28}},"type":"if","locations":[{"start":{"line":11,"column":2},"end":{"line":11,"column":28}},{"start":{"line":11,"column":2},"end":{"line":11,"column":28}}],"line":11},"1":{"loc":{"start":{"line":13,"column":2},"end":{"line":14,"column":22}},"type":"if","locations":[{"start":{"line":13,"column":2},"end":{"line":14,"column":22}},{"start":{"line":13,"column":2},"end":{"line":14,"column":22}}],"line":13},"2":{"loc":{"start":{"line":17,"column":25},"end":{"line":17,"column":46}},"type":"default-arg","locations":[{"start":{"line":17,"column":33},"end":{"line":17,"column":46}}],"line":17},"3":{"loc":{"start":{"line":19,"column":2},"end":{"line":51,"column":3}},"type":"switch","locations":[{"start":{"line":20,"column":4},"end":{"line":22,"column":17}},{"start":{"line":23,"column":4},"end":{"line":26,"column":21}},{"start":{"line":27,"column":4},"end":{"line":29,"column":21}},{"start":{"line":30,"column":4},"end":{"line":35,"column":21}},{"start":{"line":36,"column":4},"end":{"line":43,"column":32}},{"start":{"line":44,"column":4},"end":{"line":46,"column":17}},{"start":{"line":47,"column":4},"end":{"line":49,"column":17}},{"start":{"line":50,"column":4},"end":{"line":50,"column":25}}],"line":19}},"s":{"0":3,"1":3,"2":3,"3":1,"4":2,"5":2,"6":1,"7":1,"8":9,"9":9,"10":1,"11":1,"12":1,"13":1,"14":1,"15":1,"16":1,"17":1,"18":1,"19":1,"20":1,"21":1,"22":1,"23":0,"24":0,"25":0,"26":0,"27":0,"28":0,"29":1,"30":1,"31":1,"32":1,"33":3},"f":{"0":3,"1":9,"2":1,"3":0},"b":{"0":[1,2],"1":[1,1],"2":[3],"3":[1,1,1,1,0,1,1,3]},"_coverageSchema":"332fd63041d2c1bcb487cc26dd0d5f7d97098a6c","hash":"19c5fdd4de343d1e8f73b43e733e5f66035f9b1c"}
,"/home/symeshjb/workspace/raidLeader/client/reducers/party.js": {"path":"/home/symeshjb/workspace/raidLeader/client/reducers/party.js","statementMap":{"0":{"start":{"line":2,"column":17},"end":{"line":2,"column":27}},"1":{"start":{"line":3,"column":2},"end":{"line":160,"column":3}},"2":{"start":{"line":4,"column":19},"end":{"line":4,"column":28}},"3":{"start":{"line":6,"column":6},"end":{"line":6,"column":15}},"4":{"start":{"line":8,"column":6},"end":{"line":8,"column":15}},"5":{"start":{"line":10,"column":6},"end":{"line":10,"column":62}},"6":{"start":{"line":10,"column":48},"end":{"line":10,"column":60}},"7":{"start":{"line":12,"column":6},"end":{"line":12,"column":41}},"8":{"start":{"line":12,"column":26},"end":{"line":12,"column":41}},"9":{"start":{"line":13,"column":19},"end":{"line":13,"column":73}},"10":{"start":{"line":13,"column":43},"end":{"line":13,"column":72}},"11":{"start":{"line":14,"column":6},"end":{"line":14,"column":53}},"12":{"start":{"line":14,"column":38},"end":{"line":14,"column":53}},"13":{"start":{"line":15,"column":6},"end":{"line":15,"column":42}},"14":{"start":{"line":16,"column":6},"end":{"line":16,"column":62}},"15":{"start":{"line":16,"column":37},"end":{"line":16,"column":62}},"16":{"start":{"line":17,"column":6},"end":{"line":17,"column":21}},"17":{"start":{"line":19,"column":6},"end":{"line":24,"column":8}},"18":{"start":{"line":20,"column":8},"end":{"line":20,"column":42}},"19":{"start":{"line":20,"column":29},"end":{"line":20,"column":42}},"20":{"start":{"line":21,"column":8},"end":{"line":21,"column":32}},"21":{"start":{"line":22,"column":8},"end":{"line":22,"column":64}},"22":{"start":{"line":22,"column":39},"end":{"line":22,"column":64}},"23":{"start":{"line":23,"column":8},"end":{"line":23,"column":21}},"24":{"start":{"line":25,"column":6},"end":{"line":25,"column":21}},"25":{"start":{"line":27,"column":6},"end":{"line":27,"column":41}},"26":{"start":{"line":27,"column":26},"end":{"line":27,"column":41}},"27":{"start":{"line":28,"column":6},"end":{"line":28,"column":69}},"28":{"start":{"line":28,"column":39},"end":{"line":28,"column":68}},"29":{"start":{"line":29,"column":6},"end":{"line":29,"column":53}},"30":{"start":{"line":29,"column":38},"end":{"line":29,"column":53}},"31":{"start":{"line":30,"column":6},"end":{"line":30,"column":89}},"32":{"start":{"line":30,"column":55},"end":{"line":30,"column":88}},"33":{"start":{"line":31,"column":6},"end":{"line":31,"column":45}},"34":{"start":{"line":32,"column":6},"end":{"line":32,"column":21}},"35":{"start":{"line":34,"column":6},"end":{"line":40,"column":8}},"36":{"start":{"line":35,"column":8},"end":{"line":38,"column":9}},"37":{"start":{"line":36,"column":10},"end":{"line":36,"column":93}},"38":{"start":{"line":36,"column":59},"end":{"line":36,"column":92}},"39":{"start":{"line":37,"column":10},"end":{"line":37,"column":49}},"40":{"start":{"line":39,"column":8},"end":{"line":39,"column":21}},"41":{"start":{"line":41,"column":6},"end":{"line":41,"column":21}},"42":{"start":{"line":43,"column":6},"end":{"line":43,"column":41}},"43":{"start":{"line":43,"column":26},"end":{"line":43,"column":41}},"44":{"start":{"line":44,"column":6},"end":{"line":44,"column":63}},"45":{"start":{"line":44,"column":39},"end":{"line":44,"column":62}},"46":{"start":{"line":45,"column":6},"end":{"line":45,"column":53}},"47":{"start":{"line":45,"column":38},"end":{"line":45,"column":53}},"48":{"start":{"line":46,"column":6},"end":{"line":46,"column":89}},"49":{"start":{"line":46,"column":55},"end":{"line":46,"column":88}},"50":{"start":{"line":47,"column":6},"end":{"line":47,"column":21}},"51":{"start":{"line":49,"column":6},"end":{"line":49,"column":41}},"52":{"start":{"line":49,"column":26},"end":{"line":49,"column":41}},"53":{"start":{"line":50,"column":6},"end":{"line":50,"column":63}},"54":{"start":{"line":50,"column":39},"end":{"line":50,"column":62}},"55":{"start":{"line":51,"column":6},"end":{"line":51,"column":52}},"56":{"start":{"line":51,"column":37},"end":{"line":51,"column":52}},"57":{"start":{"line":52,"column":6},"end":{"line":52,"column":27}},"58":{"start":{"line":53,"column":6},"end":{"line":53,"column":31}},"59":{"start":{"line":54,"column":6},"end":{"line":54,"column":21}},"60":{"start":{"line":56,"column":6},"end":{"line":59,"column":8}},"61":{"start":{"line":57,"column":8},"end":{"line":57,"column":27}},"62":{"start":{"line":58,"column":8},"end":{"line":58,"column":21}},"63":{"start":{"line":61,"column":6},"end":{"line":61,"column":41}},"64":{"start":{"line":61,"column":26},"end":{"line":61,"column":41}},"65":{"start":{"line":62,"column":6},"end":{"line":62,"column":63}},"66":{"start":{"line":62,"column":39},"end":{"line":62,"column":62}},"67":{"start":{"line":63,"column":6},"end":{"line":63,"column":53}},"68":{"start":{"line":63,"column":38},"end":{"line":63,"column":53}},"69":{"start":{"line":64,"column":6},"end":{"line":64,"column":25}},"70":{"start":{"line":65,"column":6},"end":{"line":65,"column":21}},"71":{"start":{"line":67,"column":6},"end":{"line":72,"column":8}},"72":{"start":{"line":68,"column":8},"end":{"line":70,"column":9}},"73":{"start":{"line":69,"column":10},"end":{"line":69,"column":65}},"74":{"start":{"line":71,"column":8},"end":{"line":71,"column":21}},"75":{"start":{"line":73,"column":6},"end":{"line":73,"column":21}},"76":{"start":{"line":75,"column":6},"end":{"line":78,"column":8}},"77":{"start":{"line":76,"column":8},"end":{"line":76,"column":51}},"78":{"start":{"line":76,"column":28},"end":{"line":76,"column":51}},"79":{"start":{"line":77,"column":8},"end":{"line":77,"column":21}},"80":{"start":{"line":79,"column":6},"end":{"line":79,"column":21}},"81":{"start":{"line":81,"column":6},"end":{"line":81,"column":41}},"82":{"start":{"line":81,"column":26},"end":{"line":81,"column":41}},"83":{"start":{"line":82,"column":6},"end":{"line":82,"column":69}},"84":{"start":{"line":82,"column":39},"end":{"line":82,"column":68}},"85":{"start":{"line":83,"column":6},"end":{"line":83,"column":53}},"86":{"start":{"line":83,"column":38},"end":{"line":83,"column":53}},"87":{"start":{"line":84,"column":6},"end":{"line":84,"column":29}},"88":{"start":{"line":85,"column":6},"end":{"line":85,"column":21}},"89":{"start":{"line":87,"column":6},"end":{"line":91,"column":8}},"90":{"start":{"line":88,"column":8},"end":{"line":88,"column":72}},"91":{"start":{"line":88,"column":28},"end":{"line":88,"column":72}},"92":{"start":{"line":89,"column":8},"end":{"line":89,"column":64}},"93":{"start":{"line":89,"column":39},"end":{"line":89,"column":64}},"94":{"start":{"line":90,"column":8},"end":{"line":90,"column":21}},"95":{"start":{"line":93,"column":6},"end":{"line":93,"column":41}},"96":{"start":{"line":93,"column":26},"end":{"line":93,"column":41}},"97":{"start":{"line":94,"column":6},"end":{"line":94,"column":69}},"98":{"start":{"line":94,"column":39},"end":{"line":94,"column":68}},"99":{"start":{"line":95,"column":6},"end":{"line":95,"column":53}},"100":{"start":{"line":95,"column":38},"end":{"line":95,"column":53}},"101":{"start":{"line":96,"column":6},"end":{"line":96,"column":50}},"102":{"start":{"line":97,"column":6},"end":{"line":97,"column":21}},"103":{"start":{"line":99,"column":6},"end":{"line":99,"column":41}},"104":{"start":{"line":99,"column":26},"end":{"line":99,"column":41}},"105":{"start":{"line":100,"column":6},"end":{"line":100,"column":69}},"106":{"start":{"line":100,"column":39},"end":{"line":100,"column":68}},"107":{"start":{"line":101,"column":6},"end":{"line":101,"column":53}},"108":{"start":{"line":101,"column":38},"end":{"line":101,"column":53}},"109":{"start":{"line":102,"column":6},"end":{"line":102,"column":50}},"110":{"start":{"line":103,"column":6},"end":{"line":103,"column":63}},"111":{"start":{"line":103,"column":38},"end":{"line":103,"column":63}},"112":{"start":{"line":104,"column":6},"end":{"line":104,"column":21}},"113":{"start":{"line":106,"column":6},"end":{"line":112,"column":8}},"114":{"start":{"line":107,"column":8},"end":{"line":111,"column":9}},"115":{"start":{"line":108,"column":10},"end":{"line":108,"column":54}},"116":{"start":{"line":109,"column":10},"end":{"line":109,"column":67}},"117":{"start":{"line":109,"column":42},"end":{"line":109,"column":67}},"118":{"start":{"line":110,"column":10},"end":{"line":110,"column":23}},"119":{"start":{"line":113,"column":6},"end":{"line":113,"column":21}},"120":{"start":{"line":115,"column":6},"end":{"line":118,"column":8}},"121":{"start":{"line":116,"column":8},"end":{"line":116,"column":79}},"122":{"start":{"line":116,"column":44},"end":{"line":116,"column":79}},"123":{"start":{"line":117,"column":8},"end":{"line":117,"column":21}},"124":{"start":{"line":119,"column":6},"end":{"line":119,"column":21}},"125":{"start":{"line":121,"column":6},"end":{"line":124,"column":8}},"126":{"start":{"line":122,"column":8},"end":{"line":122,"column":80}},"127":{"start":{"line":122,"column":45},"end":{"line":122,"column":80}},"128":{"start":{"line":123,"column":8},"end":{"line":123,"column":21}},"129":{"start":{"line":125,"column":6},"end":{"line":125,"column":21}},"130":{"start":{"line":127,"column":6},"end":{"line":127,"column":41}},"131":{"start":{"line":127,"column":26},"end":{"line":127,"column":41}},"132":{"start":{"line":128,"column":6},"end":{"line":128,"column":63}},"133":{"start":{"line":128,"column":39},"end":{"line":128,"column":62}},"134":{"start":{"line":129,"column":6},"end":{"line":129,"column":34}},"135":{"start":{"line":129,"column":19},"end":{"line":129,"column":34}},"136":{"start":{"line":130,"column":20},"end":{"line":130,"column":114}},"137":{"start":{"line":130,"column":57},"end":{"line":130,"column":80}},"138":{"start":{"line":131,"column":6},"end":{"line":131,"column":30}},"139":{"start":{"line":132,"column":6},"end":{"line":132,"column":26}},"140":{"start":{"line":133,"column":6},"end":{"line":133,"column":21}},"141":{"start":{"line":135,"column":6},"end":{"line":135,"column":41}},"142":{"start":{"line":135,"column":26},"end":{"line":135,"column":41}},"143":{"start":{"line":136,"column":6},"end":{"line":136,"column":63}},"144":{"start":{"line":136,"column":39},"end":{"line":136,"column":62}},"145":{"start":{"line":137,"column":6},"end":{"line":137,"column":34}},"146":{"start":{"line":137,"column":19},"end":{"line":137,"column":34}},"147":{"start":{"line":138,"column":23},"end":{"line":138,"column":86}},"148":{"start":{"line":138,"column":49},"end":{"line":138,"column":72}},"149":{"start":{"line":139,"column":6},"end":{"line":139,"column":57}},"150":{"start":{"line":140,"column":6},"end":{"line":140,"column":49}},"151":{"start":{"line":141,"column":6},"end":{"line":141,"column":21}},"152":{"start":{"line":143,"column":6},"end":{"line":149,"column":8}},"153":{"start":{"line":144,"column":8},"end":{"line":147,"column":9}},"154":{"start":{"line":145,"column":10},"end":{"line":145,"column":64}},"155":{"start":{"line":146,"column":10},"end":{"line":146,"column":56}},"156":{"start":{"line":148,"column":8},"end":{"line":148,"column":21}},"157":{"start":{"line":150,"column":6},"end":{"line":150,"column":21}},"158":{"start":{"line":152,"column":6},"end":{"line":152,"column":41}},"159":{"start":{"line":152,"column":26},"end":{"line":152,"column":41}},"160":{"start":{"line":153,"column":6},"end":{"line":153,"column":63}},"161":{"start":{"line":153,"column":39},"end":{"line":153,"column":62}},"162":{"start":{"line":154,"column":6},"end":{"line":154,"column":34}},"163":{"start":{"line":154,"column":19},"end":{"line":154,"column":34}},"164":{"start":{"line":155,"column":6},"end":{"line":155,"column":19}},"165":{"start":{"line":156,"column":6},"end":{"line":156,"column":28}},"166":{"start":{"line":157,"column":6},"end":{"line":157,"column":25}},"167":{"start":{"line":158,"column":6},"end":{"line":158,"column":21}},"168":{"start":{"line":159,"column":13},"end":{"line":159,"column":25}}},"fnMap":{"0":{"name":"party","decl":{"start":{"line":1,"column":24},"end":{"line":1,"column":29}},"loc":{"start":{"line":1,"column":51},"end":{"line":161,"column":1}},"line":1},"1":{"name":"(anonymous_1)","decl":{"start":{"line":10,"column":36},"end":{"line":10,"column":37}},"loc":{"start":{"line":10,"column":48},"end":{"line":10,"column":60}},"line":10},"2":{"name":"(anonymous_2)","decl":{"start":{"line":13,"column":33},"end":{"line":13,"column":34}},"loc":{"start":{"line":13,"column":43},"end":{"line":13,"column":72}},"line":13},"3":{"name":"(anonymous_3)","decl":{"start":{"line":19,"column":30},"end":{"line":19,"column":31}},"loc":{"start":{"line":19,"column":40},"end":{"line":24,"column":7}},"line":19},"4":{"name":"(anonymous_4)","decl":{"start":{"line":28,"column":29},"end":{"line":28,"column":30}},"loc":{"start":{"line":28,"column":39},"end":{"line":28,"column":68}},"line":28},"5":{"name":"(anonymous_5)","decl":{"start":{"line":30,"column":45},"end":{"line":30,"column":46}},"loc":{"start":{"line":30,"column":55},"end":{"line":30,"column":88}},"line":30},"6":{"name":"(anonymous_6)","decl":{"start":{"line":34,"column":30},"end":{"line":34,"column":31}},"loc":{"start":{"line":34,"column":40},"end":{"line":40,"column":7}},"line":34},"7":{"name":"(anonymous_7)","decl":{"start":{"line":36,"column":49},"end":{"line":36,"column":50}},"loc":{"start":{"line":36,"column":59},"end":{"line":36,"column":92}},"line":36},"8":{"name":"(anonymous_8)","decl":{"start":{"line":44,"column":29},"end":{"line":44,"column":30}},"loc":{"start":{"line":44,"column":39},"end":{"line":44,"column":62}},"line":44},"9":{"name":"(anonymous_9)","decl":{"start":{"line":46,"column":45},"end":{"line":46,"column":46}},"loc":{"start":{"line":46,"column":55},"end":{"line":46,"column":88}},"line":46},"10":{"name":"(anonymous_10)","decl":{"start":{"line":50,"column":29},"end":{"line":50,"column":30}},"loc":{"start":{"line":50,"column":39},"end":{"line":50,"column":62}},"line":50},"11":{"name":"(anonymous_11)","decl":{"start":{"line":56,"column":26},"end":{"line":56,"column":27}},"loc":{"start":{"line":56,"column":36},"end":{"line":59,"column":7}},"line":56},"12":{"name":"(anonymous_12)","decl":{"start":{"line":62,"column":29},"end":{"line":62,"column":30}},"loc":{"start":{"line":62,"column":39},"end":{"line":62,"column":62}},"line":62},"13":{"name":"(anonymous_13)","decl":{"start":{"line":67,"column":30},"end":{"line":67,"column":31}},"loc":{"start":{"line":67,"column":40},"end":{"line":72,"column":7}},"line":67},"14":{"name":"(anonymous_14)","decl":{"start":{"line":75,"column":30},"end":{"line":75,"column":31}},"loc":{"start":{"line":75,"column":40},"end":{"line":78,"column":7}},"line":75},"15":{"name":"(anonymous_15)","decl":{"start":{"line":82,"column":29},"end":{"line":82,"column":30}},"loc":{"start":{"line":82,"column":39},"end":{"line":82,"column":68}},"line":82},"16":{"name":"(anonymous_16)","decl":{"start":{"line":87,"column":30},"end":{"line":87,"column":31}},"loc":{"start":{"line":87,"column":40},"end":{"line":91,"column":7}},"line":87},"17":{"name":"(anonymous_17)","decl":{"start":{"line":94,"column":29},"end":{"line":94,"column":30}},"loc":{"start":{"line":94,"column":39},"end":{"line":94,"column":68}},"line":94},"18":{"name":"(anonymous_18)","decl":{"start":{"line":100,"column":29},"end":{"line":100,"column":30}},"loc":{"start":{"line":100,"column":39},"end":{"line":100,"column":68}},"line":100},"19":{"name":"(anonymous_19)","decl":{"start":{"line":106,"column":30},"end":{"line":106,"column":31}},"loc":{"start":{"line":106,"column":40},"end":{"line":112,"column":7}},"line":106},"20":{"name":"(anonymous_20)","decl":{"start":{"line":115,"column":30},"end":{"line":115,"column":31}},"loc":{"start":{"line":115,"column":40},"end":{"line":118,"column":7}},"line":115},"21":{"name":"(anonymous_21)","decl":{"start":{"line":121,"column":30},"end":{"line":121,"column":31}},"loc":{"start":{"line":121,"column":40},"end":{"line":124,"column":7}},"line":121},"22":{"name":"(anonymous_22)","decl":{"start":{"line":128,"column":29},"end":{"line":128,"column":30}},"loc":{"start":{"line":128,"column":39},"end":{"line":128,"column":62}},"line":128},"23":{"name":"(anonymous_23)","decl":{"start":{"line":130,"column":47},"end":{"line":130,"column":48}},"loc":{"start":{"line":130,"column":57},"end":{"line":130,"column":80}},"line":130},"24":{"name":"(anonymous_24)","decl":{"start":{"line":136,"column":29},"end":{"line":136,"column":30}},"loc":{"start":{"line":136,"column":39},"end":{"line":136,"column":62}},"line":136},"25":{"name":"(anonymous_25)","decl":{"start":{"line":138,"column":39},"end":{"line":138,"column":40}},"loc":{"start":{"line":138,"column":49},"end":{"line":138,"column":72}},"line":138},"26":{"name":"(anonymous_26)","decl":{"start":{"line":143,"column":30},"end":{"line":143,"column":31}},"loc":{"start":{"line":143,"column":40},"end":{"line":149,"column":7}},"line":143},"27":{"name":"(anonymous_27)","decl":{"start":{"line":153,"column":29},"end":{"line":153,"column":30}},"loc":{"start":{"line":153,"column":39},"end":{"line":153,"column":62}},"line":153}},"branchMap":{"0":{"loc":{"start":{"line":1,"column":31},"end":{"line":1,"column":41}},"type":"default-arg","locations":[{"start":{"line":1,"column":39},"end":{"line":1,"column":41}}],"line":1},"1":{"loc":{"start":{"line":3,"column":2},"end":{"line":160,"column":3}},"type":"switch","locations":[{"start":{"line":4,"column":4},"end":{"line":4,"column":28}},{"start":{"line":5,"column":4},"end":{"line":6,"column":15}},{"start":{"line":7,"column":4},"end":{"line":8,"column":15}},{"start":{"line":9,"column":4},"end":{"line":10,"column":62}},{"start":{"line":11,"column":4},"end":{"line":17,"column":21}},{"start":{"line":18,"column":4},"end":{"line":25,"column":21}},{"start":{"line":26,"column":4},"end":{"line":32,"column":21}},{"start":{"line":33,"column":4},"end":{"line":41,"column":21}},{"start":{"line":42,"column":4},"end":{"line":47,"column":21}},{"start":{"line":48,"column":4},"end":{"line":54,"column":21}},{"start":{"line":55,"column":4},"end":{"line":59,"column":8}},{"start":{"line":60,"column":4},"end":{"line":65,"column":21}},{"start":{"line":66,"column":4},"end":{"line":73,"column":21}},{"start":{"line":74,"column":4},"end":{"line":79,"column":21}},{"start":{"line":80,"column":4},"end":{"line":85,"column":21}},{"start":{"line":86,"column":4},"end":{"line":91,"column":8}},{"start":{"line":92,"column":4},"end":{"line":97,"column":21}},{"start":{"line":98,"column":4},"end":{"line":104,"column":21}},{"start":{"line":105,"column":4},"end":{"line":113,"column":21}},{"start":{"line":114,"column":4},"end":{"line":119,"column":21}},{"start":{"line":120,"column":4},"end":{"line":125,"column":21}},{"start":{"line":126,"column":4},"end":{"line":133,"column":21}},{"start":{"line":134,"column":4},"end":{"line":141,"column":21}},{"start":{"line":142,"column":4},"end":{"line":150,"column":21}},{"start":{"line":151,"column":4},"end":{"line":158,"column":21}},{"start":{"line":159,"column":4},"end":{"line":159,"column":25}}],"line":3},"2":{"loc":{"start":{"line":12,"column":6},"end":{"line":12,"column":41}},"type":"if","locations":[{"start":{"line":12,"column":6},"end":{"line":12,"column":41}},{"start":{"line":12,"column":6},"end":{"line":12,"column":41}}],"line":12},"3":{"loc":{"start":{"line":14,"column":6},"end":{"line":14,"column":53}},"type":"if","locations":[{"start":{"line":14,"column":6},"end":{"line":14,"column":53}},{"start":{"line":14,"column":6},"end":{"line":14,"column":53}}],"line":14},"4":{"loc":{"start":{"line":14,"column":10},"end":{"line":14,"column":36}},"type":"binary-expr","locations":[{"start":{"line":14,"column":10},"end":{"line":14,"column":17}},{"start":{"line":14,"column":21},"end":{"line":14,"column":36}}],"line":14},"5":{"loc":{"start":{"line":16,"column":6},"end":{"line":16,"column":62}},"type":"if","locations":[{"start":{"line":16,"column":6},"end":{"line":16,"column":62}},{"start":{"line":16,"column":6},"end":{"line":16,"column":62}}],"line":16},"6":{"loc":{"start":{"line":20,"column":8},"end":{"line":20,"column":42}},"type":"if","locations":[{"start":{"line":20,"column":8},"end":{"line":20,"column":42}},{"start":{"line":20,"column":8},"end":{"line":20,"column":42}}],"line":20},"7":{"loc":{"start":{"line":22,"column":8},"end":{"line":22,"column":64}},"type":"if","locations":[{"start":{"line":22,"column":8},"end":{"line":22,"column":64}},{"start":{"line":22,"column":8},"end":{"line":22,"column":64}}],"line":22},"8":{"loc":{"start":{"line":27,"column":6},"end":{"line":27,"column":41}},"type":"if","locations":[{"start":{"line":27,"column":6},"end":{"line":27,"column":41}},{"start":{"line":27,"column":6},"end":{"line":27,"column":41}}],"line":27},"9":{"loc":{"start":{"line":29,"column":6},"end":{"line":29,"column":53}},"type":"if","locations":[{"start":{"line":29,"column":6},"end":{"line":29,"column":53}},{"start":{"line":29,"column":6},"end":{"line":29,"column":53}}],"line":29},"10":{"loc":{"start":{"line":29,"column":10},"end":{"line":29,"column":36}},"type":"binary-expr","locations":[{"start":{"line":29,"column":10},"end":{"line":29,"column":17}},{"start":{"line":29,"column":21},"end":{"line":29,"column":36}}],"line":29},"11":{"loc":{"start":{"line":35,"column":8},"end":{"line":38,"column":9}},"type":"if","locations":[{"start":{"line":35,"column":8},"end":{"line":38,"column":9}},{"start":{"line":35,"column":8},"end":{"line":38,"column":9}}],"line":35},"12":{"loc":{"start":{"line":43,"column":6},"end":{"line":43,"column":41}},"type":"if","locations":[{"start":{"line":43,"column":6},"end":{"line":43,"column":41}},{"start":{"line":43,"column":6},"end":{"line":43,"column":41}}],"line":43},"13":{"loc":{"start":{"line":45,"column":6},"end":{"line":45,"column":53}},"type":"if","locations":[{"start":{"line":45,"column":6},"end":{"line":45,"column":53}},{"start":{"line":45,"column":6},"end":{"line":45,"column":53}}],"line":45},"14":{"loc":{"start":{"line":45,"column":10},"end":{"line":45,"column":36}},"type":"binary-expr","locations":[{"start":{"line":45,"column":10},"end":{"line":45,"column":17}},{"start":{"line":45,"column":21},"end":{"line":45,"column":36}}],"line":45},"15":{"loc":{"start":{"line":49,"column":6},"end":{"line":49,"column":41}},"type":"if","locations":[{"start":{"line":49,"column":6},"end":{"line":49,"column":41}},{"start":{"line":49,"column":6},"end":{"line":49,"column":41}}],"line":49},"16":{"loc":{"start":{"line":51,"column":6},"end":{"line":51,"column":52}},"type":"if","locations":[{"start":{"line":51,"column":6},"end":{"line":51,"column":52}},{"start":{"line":51,"column":6},"end":{"line":51,"column":52}}],"line":51},"17":{"loc":{"start":{"line":51,"column":10},"end":{"line":51,"column":35}},"type":"binary-expr","locations":[{"start":{"line":51,"column":10},"end":{"line":51,"column":17}},{"start":{"line":51,"column":21},"end":{"line":51,"column":35}}],"line":51},"18":{"loc":{"start":{"line":61,"column":6},"end":{"line":61,"column":41}},"type":"if","locations":[{"start":{"line":61,"column":6},"end":{"line":61,"column":41}},{"start":{"line":61,"column":6},"end":{"line":61,"column":41}}],"line":61},"19":{"loc":{"start":{"line":63,"column":6},"end":{"line":63,"column":53}},"type":"if","locations":[{"start":{"line":63,"column":6},"end":{"line":63,"column":53}},{"start":{"line":63,"column":6},"end":{"line":63,"column":53}}],"line":63},"20":{"loc":{"start":{"line":63,"column":10},"end":{"line":63,"column":36}},"type":"binary-expr","locations":[{"start":{"line":63,"column":10},"end":{"line":63,"column":17}},{"start":{"line":63,"column":21},"end":{"line":63,"column":36}}],"line":63},"21":{"loc":{"start":{"line":68,"column":8},"end":{"line":70,"column":9}},"type":"if","locations":[{"start":{"line":68,"column":8},"end":{"line":70,"column":9}},{"start":{"line":68,"column":8},"end":{"line":70,"column":9}}],"line":68},"22":{"loc":{"start":{"line":76,"column":8},"end":{"line":76,"column":51}},"type":"if","locations":[{"start":{"line":76,"column":8},"end":{"line":76,"column":51}},{"start":{"line":76,"column":8},"end":{"line":76,"column":51}}],"line":76},"23":{"loc":{"start":{"line":81,"column":6},"end":{"line":81,"column":41}},"type":"if","locations":[{"start":{"line":81,"column":6},"end":{"line":81,"column":41}},{"start":{"line":81,"column":6},"end":{"line":81,"column":41}}],"line":81},"24":{"loc":{"start":{"line":83,"column":6},"end":{"line":83,"column":53}},"type":"if","locations":[{"start":{"line":83,"column":6},"end":{"line":83,"column":53}},{"start":{"line":83,"column":6},"end":{"line":83,"column":53}}],"line":83},"25":{"loc":{"start":{"line":83,"column":10},"end":{"line":83,"column":36}},"type":"binary-expr","locations":[{"start":{"line":83,"column":10},"end":{"line":83,"column":17}},{"start":{"line":83,"column":21},"end":{"line":83,"column":36}}],"line":83},"26":{"loc":{"start":{"line":88,"column":8},"end":{"line":88,"column":72}},"type":"if","locations":[{"start":{"line":88,"column":8},"end":{"line":88,"column":72}},{"start":{"line":88,"column":8},"end":{"line":88,"column":72}}],"line":88},"27":{"loc":{"start":{"line":89,"column":8},"end":{"line":89,"column":64}},"type":"if","locations":[{"start":{"line":89,"column":8},"end":{"line":89,"column":64}},{"start":{"line":89,"column":8},"end":{"line":89,"column":64}}],"line":89},"28":{"loc":{"start":{"line":93,"column":6},"end":{"line":93,"column":41}},"type":"if","locations":[{"start":{"line":93,"column":6},"end":{"line":93,"column":41}},{"start":{"line":93,"column":6},"end":{"line":93,"column":41}}],"line":93},"29":{"loc":{"start":{"line":95,"column":6},"end":{"line":95,"column":53}},"type":"if","locations":[{"start":{"line":95,"column":6},"end":{"line":95,"column":53}},{"start":{"line":95,"column":6},"end":{"line":95,"column":53}}],"line":95},"30":{"loc":{"start":{"line":95,"column":10},"end":{"line":95,"column":36}},"type":"binary-expr","locations":[{"start":{"line":95,"column":10},"end":{"line":95,"column":17}},{"start":{"line":95,"column":21},"end":{"line":95,"column":36}}],"line":95},"31":{"loc":{"start":{"line":99,"column":6},"end":{"line":99,"column":41}},"type":"if","locations":[{"start":{"line":99,"column":6},"end":{"line":99,"column":41}},{"start":{"line":99,"column":6},"end":{"line":99,"column":41}}],"line":99},"32":{"loc":{"start":{"line":101,"column":6},"end":{"line":101,"column":53}},"type":"if","locations":[{"start":{"line":101,"column":6},"end":{"line":101,"column":53}},{"start":{"line":101,"column":6},"end":{"line":101,"column":53}}],"line":101},"33":{"loc":{"start":{"line":101,"column":10},"end":{"line":101,"column":36}},"type":"binary-expr","locations":[{"start":{"line":101,"column":10},"end":{"line":101,"column":17}},{"start":{"line":101,"column":21},"end":{"line":101,"column":36}}],"line":101},"34":{"loc":{"start":{"line":103,"column":6},"end":{"line":103,"column":63}},"type":"if","locations":[{"start":{"line":103,"column":6},"end":{"line":103,"column":63}},{"start":{"line":103,"column":6},"end":{"line":103,"column":63}}],"line":103},"35":{"loc":{"start":{"line":107,"column":8},"end":{"line":111,"column":9}},"type":"if","locations":[{"start":{"line":107,"column":8},"end":{"line":111,"column":9}},{"start":{"line":107,"column":8},"end":{"line":111,"column":9}}],"line":107},"36":{"loc":{"start":{"line":109,"column":10},"end":{"line":109,"column":67}},"type":"if","locations":[{"start":{"line":109,"column":10},"end":{"line":109,"column":67}},{"start":{"line":109,"column":10},"end":{"line":109,"column":67}}],"line":109},"37":{"loc":{"start":{"line":116,"column":8},"end":{"line":116,"column":79}},"type":"if","locations":[{"start":{"line":116,"column":8},"end":{"line":116,"column":79}},{"start":{"line":116,"column":8},"end":{"line":116,"column":79}}],"line":116},"38":{"loc":{"start":{"line":122,"column":8},"end":{"line":122,"column":80}},"type":"if","locations":[{"start":{"line":122,"column":8},"end":{"line":122,"column":80}},{"start":{"line":122,"column":8},"end":{"line":122,"column":80}}],"line":122},"39":{"loc":{"start":{"line":127,"column":6},"end":{"line":127,"column":41}},"type":"if","locations":[{"start":{"line":127,"column":6},"end":{"line":127,"column":41}},{"start":{"line":127,"column":6},"end":{"line":127,"column":41}}],"line":127},"40":{"loc":{"start":{"line":129,"column":6},"end":{"line":129,"column":34}},"type":"if","locations":[{"start":{"line":129,"column":6},"end":{"line":129,"column":34}},{"start":{"line":129,"column":6},"end":{"line":129,"column":34}}],"line":129},"41":{"loc":{"start":{"line":135,"column":6},"end":{"line":135,"column":41}},"type":"if","locations":[{"start":{"line":135,"column":6},"end":{"line":135,"column":41}},{"start":{"line":135,"column":6},"end":{"line":135,"column":41}}],"line":135},"42":{"loc":{"start":{"line":137,"column":6},"end":{"line":137,"column":34}},"type":"if","locations":[{"start":{"line":137,"column":6},"end":{"line":137,"column":34}},{"start":{"line":137,"column":6},"end":{"line":137,"column":34}}],"line":137},"43":{"loc":{"start":{"line":144,"column":8},"end":{"line":147,"column":9}},"type":"if","locations":[{"start":{"line":144,"column":8},"end":{"line":147,"column":9}},{"start":{"line":144,"column":8},"end":{"line":147,"column":9}}],"line":144},"44":{"loc":{"start":{"line":152,"column":6},"end":{"line":152,"column":41}},"type":"if","locations":[{"start":{"line":152,"column":6},"end":{"line":152,"column":41}},{"start":{"line":152,"column":6},"end":{"line":152,"column":41}}],"line":152},"45":{"loc":{"start":{"line":154,"column":6},"end":{"line":154,"column":34}},"type":"if","locations":[{"start":{"line":154,"column":6},"end":{"line":154,"column":34}},{"start":{"line":154,"column":6},"end":{"line":154,"column":34}}],"line":154}},"s":{"0":39,"1":39,"2":1,"3":1,"4":1,"5":1,"6":4,"7":6,"8":1,"9":5,"10":14,"11":5,"12":2,"13":3,"14":3,"15":2,"16":3,"17":1,"18":4,"19":1,"20":3,"21":3,"22":2,"23":3,"24":1,"25":5,"26":1,"27":4,"28":7,"29":4,"30":1,"31":3,"32":2,"33":3,"34":3,"35":1,"36":4,"37":3,"38":2,"39":3,"40":4,"41":1,"42":1,"43":0,"44":1,"45":1,"46":1,"47":0,"48":1,"49":1,"50":1,"51":0,"52":0,"53":0,"54":0,"55":0,"56":0,"57":0,"58":0,"59":0,"60":1,"61":4,"62":4,"63":0,"64":0,"65":0,"66":0,"67":0,"68":0,"69":0,"70":0,"71":2,"72":8,"73":6,"74":8,"75":2,"76":1,"77":4,"78":3,"79":4,"80":1,"81":3,"82":0,"83":3,"84":9,"85":3,"86":2,"87":1,"88":1,"89":1,"90":4,"91":3,"92":4,"93":0,"94":4,"95":5,"96":2,"97":3,"98":9,"99":3,"100":2,"101":1,"102":1,"103":5,"104":1,"105":4,"106":10,"107":4,"108":2,"109":2,"110":2,"111":1,"112":2,"113":1,"114":4,"115":3,"116":3,"117":2,"118":3,"119":1,"120":1,"121":4,"122":3,"123":4,"124":1,"125":1,"126":4,"127":3,"128":4,"129":1,"130":0,"131":0,"132":0,"133":0,"134":0,"135":0,"136":0,"137":0,"138":0,"139":0,"140":0,"141":0,"142":0,"143":0,"144":0,"145":0,"146":0,"147":0,"148":0,"149":0,"150":0,"151":0,"152":0,"153":0,"154":0,"155":0,"156":0,"157":0,"158":0,"159":0,"160":0,"161":0,"162":0,"163":0,"164":0,"165":0,"166":0,"167":0,"168":1},"f":{"0":39,"1":4,"2":14,"3":4,"4":7,"5":2,"6":4,"7":2,"8":1,"9":1,"10":0,"11":4,"12":0,"13":8,"14":4,"15":9,"16":4,"17":9,"18":10,"19":4,"20":4,"21":4,"22":0,"23":0,"24":0,"25":0,"26":0,"27":0},"b":{"0":[1],"1":[1,1,1,1,6,1,5,1,1,0,1,0,2,1,3,1,5,5,1,1,1,0,0,0,0,1],"2":[1,5],"3":[2,3],"4":[5,4],"5":[2,1],"6":[1,3],"7":[2,1],"8":[1,4],"9":[1,3],"10":[4,3],"11":[3,1],"12":[0,1],"13":[0,1],"14":[1,1],"15":[0,0],"16":[0,0],"17":[0,0],"18":[0,0],"19":[0,0],"20":[0,0],"21":[6,2],"22":[3,1],"23":[0,3],"24":[2,1],"25":[3,2],"26":[3,1],"27":[0,4],"28":[2,3],"29":[2,1],"30":[3,2],"31":[1,4],"32":[2,2],"33":[4,3],"34":[1,1],"35":[3,1],"36":[2,1],"37":[3,1],"38":[3,1],"39":[0,0],"40":[0,0],"41":[0,0],"42":[0,0],"43":[0,0],"44":[0,0],"45":[0,0]},"_coverageSchema":"332fd63041d2c1bcb487cc26dd0d5f7d97098a6c","hash":"e528cc0b4ae44f4da41bd73deecdf66294ffa6c9"}
,"/home/symeshjb/workspace/raidLeader/client/reducers/player.js": {"path":"/home/symeshjb/workspace/raidLeader/client/reducers/player.js","statementMap":{"0":{"start":{"line":1,"column":21},"end":{"line":18,"column":1}},"1":{"start":{"line":2,"column":2},"end":{"line":17,"column":3}},"2":{"start":{"line":22,"column":17},"end":{"line":22,"column":27}},"3":{"start":{"line":23,"column":2},"end":{"line":101,"column":3}},"4":{"start":{"line":24,"column":19},"end":{"line":24,"column":30}},"5":{"start":{"line":26,"column":6},"end":{"line":26,"column":35}},"6":{"start":{"line":27,"column":6},"end":{"line":27,"column":41}},"7":{"start":{"line":28,"column":6},"end":{"line":28,"column":26}},"8":{"start":{"line":29,"column":6},"end":{"line":30,"column":38}},"9":{"start":{"line":31,"column":6},"end":{"line":31,"column":21}},"10":{"start":{"line":33,"column":6},"end":{"line":33,"column":35}},"11":{"start":{"line":34,"column":6},"end":{"line":34,"column":41}},"12":{"start":{"line":35,"column":6},"end":{"line":35,"column":26}},"13":{"start":{"line":36,"column":6},"end":{"line":37,"column":38}},"14":{"start":{"line":38,"column":6},"end":{"line":38,"column":21}},"15":{"start":{"line":40,"column":6},"end":{"line":40,"column":63}},"16":{"start":{"line":41,"column":6},"end":{"line":41,"column":70}},"17":{"start":{"line":41,"column":58},"end":{"line":41,"column":68}},"18":{"start":{"line":42,"column":6},"end":{"line":42,"column":21}},"19":{"start":{"line":44,"column":6},"end":{"line":44,"column":39}},"20":{"start":{"line":45,"column":6},"end":{"line":45,"column":76}},"21":{"start":{"line":45,"column":44},"end":{"line":45,"column":76}},"22":{"start":{"line":46,"column":6},"end":{"line":46,"column":21}},"23":{"start":{"line":48,"column":6},"end":{"line":48,"column":41}},"24":{"start":{"line":48,"column":26},"end":{"line":48,"column":41}},"25":{"start":{"line":49,"column":6},"end":{"line":52,"column":7}},"26":{"start":{"line":50,"column":8},"end":{"line":50,"column":35}},"27":{"start":{"line":51,"column":8},"end":{"line":51,"column":72}},"28":{"start":{"line":51,"column":43},"end":{"line":51,"column":72}},"29":{"start":{"line":53,"column":6},"end":{"line":53,"column":21}},"30":{"start":{"line":55,"column":6},"end":{"line":55,"column":32}},"31":{"start":{"line":56,"column":6},"end":{"line":56,"column":70}},"32":{"start":{"line":56,"column":41},"end":{"line":56,"column":70}},"33":{"start":{"line":57,"column":6},"end":{"line":57,"column":21}},"34":{"start":{"line":59,"column":6},"end":{"line":59,"column":31}},"35":{"start":{"line":60,"column":6},"end":{"line":60,"column":21}},"36":{"start":{"line":62,"column":6},"end":{"line":62,"column":32}},"37":{"start":{"line":63,"column":6},"end":{"line":63,"column":38}},"38":{"start":{"line":64,"column":6},"end":{"line":64,"column":21}},"39":{"start":{"line":66,"column":6},"end":{"line":66,"column":32}},"40":{"start":{"line":67,"column":6},"end":{"line":67,"column":70}},"41":{"start":{"line":67,"column":41},"end":{"line":67,"column":70}},"42":{"start":{"line":68,"column":6},"end":{"line":68,"column":21}},"43":{"start":{"line":70,"column":6},"end":{"line":70,"column":32}},"44":{"start":{"line":71,"column":6},"end":{"line":71,"column":42}},"45":{"start":{"line":71,"column":27},"end":{"line":71,"column":42}},"46":{"start":{"line":72,"column":6},"end":{"line":72,"column":21}},"47":{"start":{"line":74,"column":6},"end":{"line":74,"column":44}},"48":{"start":{"line":75,"column":6},"end":{"line":75,"column":42}},"49":{"start":{"line":75,"column":27},"end":{"line":75,"column":42}},"50":{"start":{"line":76,"column":6},"end":{"line":76,"column":21}},"51":{"start":{"line":78,"column":6},"end":{"line":78,"column":57}},"52":{"start":{"line":79,"column":6},"end":{"line":79,"column":42}},"53":{"start":{"line":79,"column":27},"end":{"line":79,"column":42}},"54":{"start":{"line":80,"column":6},"end":{"line":80,"column":21}},"55":{"start":{"line":82,"column":6},"end":{"line":82,"column":35}},"56":{"start":{"line":83,"column":6},"end":{"line":83,"column":77}},"57":{"start":{"line":83,"column":45},"end":{"line":83,"column":77}},"58":{"start":{"line":84,"column":6},"end":{"line":84,"column":21}},"59":{"start":{"line":86,"column":6},"end":{"line":86,"column":54}},"60":{"start":{"line":87,"column":6},"end":{"line":87,"column":60}},"61":{"start":{"line":88,"column":6},"end":{"line":88,"column":21}},"62":{"start":{"line":90,"column":6},"end":{"line":94,"column":8}},"63":{"start":{"line":91,"column":8},"end":{"line":91,"column":37}},"64":{"start":{"line":92,"column":8},"end":{"line":92,"column":46}},"65":{"start":{"line":93,"column":8},"end":{"line":93,"column":25}},"66":{"start":{"line":95,"column":6},"end":{"line":95,"column":21}},"67":{"start":{"line":97,"column":6},"end":{"line":97,"column":41}},"68":{"start":{"line":97,"column":26},"end":{"line":97,"column":41}},"69":{"start":{"line":98,"column":6},"end":{"line":98,"column":68}},"70":{"start":{"line":98,"column":43},"end":{"line":98,"column":68}},"71":{"start":{"line":99,"column":6},"end":{"line":99,"column":21}},"72":{"start":{"line":100,"column":13},"end":{"line":100,"column":25}}},"fnMap":{"0":{"name":"(anonymous_0)","decl":{"start":{"line":1,"column":21},"end":{"line":1,"column":22}},"loc":{"start":{"line":2,"column":2},"end":{"line":17,"column":3}},"line":2},"1":{"name":"player","decl":{"start":{"line":21,"column":24},"end":{"line":21,"column":30}},"loc":{"start":{"line":21,"column":54},"end":{"line":102,"column":1}},"line":21},"2":{"name":"(anonymous_2)","decl":{"start":{"line":41,"column":48},"end":{"line":41,"column":49}},"loc":{"start":{"line":41,"column":58},"end":{"line":41,"column":68}},"line":41},"3":{"name":"(anonymous_3)","decl":{"start":{"line":90,"column":44},"end":{"line":90,"column":45}},"loc":{"start":{"line":90,"column":53},"end":{"line":94,"column":7}},"line":90}},"branchMap":{"0":{"loc":{"start":{"line":21,"column":32},"end":{"line":21,"column":44}},"type":"default-arg","locations":[{"start":{"line":21,"column":40},"end":{"line":21,"column":44}}],"line":21},"1":{"loc":{"start":{"line":23,"column":2},"end":{"line":101,"column":3}},"type":"switch","locations":[{"start":{"line":24,"column":4},"end":{"line":24,"column":30}},{"start":{"line":25,"column":4},"end":{"line":31,"column":21}},{"start":{"line":32,"column":4},"end":{"line":38,"column":21}},{"start":{"line":39,"column":4},"end":{"line":42,"column":21}},{"start":{"line":43,"column":4},"end":{"line":46,"column":21}},{"start":{"line":47,"column":4},"end":{"line":53,"column":21}},{"start":{"line":54,"column":4},"end":{"line":57,"column":21}},{"start":{"line":58,"column":4},"end":{"line":60,"column":21}},{"start":{"line":61,"column":4},"end":{"line":64,"column":21}},{"start":{"line":65,"column":4},"end":{"line":68,"column":21}},{"start":{"line":69,"column":4},"end":{"line":72,"column":21}},{"start":{"line":73,"column":4},"end":{"line":76,"column":21}},{"start":{"line":77,"column":4},"end":{"line":80,"column":21}},{"start":{"line":81,"column":4},"end":{"line":84,"column":21}},{"start":{"line":85,"column":4},"end":{"line":88,"column":21}},{"start":{"line":89,"column":4},"end":{"line":95,"column":21}},{"start":{"line":96,"column":4},"end":{"line":99,"column":21}},{"start":{"line":100,"column":4},"end":{"line":100,"column":25}}],"line":23},"2":{"loc":{"start":{"line":45,"column":6},"end":{"line":45,"column":76}},"type":"if","locations":[{"start":{"line":45,"column":6},"end":{"line":45,"column":76}},{"start":{"line":45,"column":6},"end":{"line":45,"column":76}}],"line":45},"3":{"loc":{"start":{"line":48,"column":6},"end":{"line":48,"column":41}},"type":"if","locations":[{"start":{"line":48,"column":6},"end":{"line":48,"column":41}},{"start":{"line":48,"column":6},"end":{"line":48,"column":41}}],"line":48},"4":{"loc":{"start":{"line":49,"column":6},"end":{"line":52,"column":7}},"type":"if","locations":[{"start":{"line":49,"column":6},"end":{"line":52,"column":7}},{"start":{"line":49,"column":6},"end":{"line":52,"column":7}}],"line":49},"5":{"loc":{"start":{"line":51,"column":8},"end":{"line":51,"column":72}},"type":"if","locations":[{"start":{"line":51,"column":8},"end":{"line":51,"column":72}},{"start":{"line":51,"column":8},"end":{"line":51,"column":72}}],"line":51},"6":{"loc":{"start":{"line":56,"column":6},"end":{"line":56,"column":70}},"type":"if","locations":[{"start":{"line":56,"column":6},"end":{"line":56,"column":70}},{"start":{"line":56,"column":6},"end":{"line":56,"column":70}}],"line":56},"7":{"loc":{"start":{"line":67,"column":6},"end":{"line":67,"column":70}},"type":"if","locations":[{"start":{"line":67,"column":6},"end":{"line":67,"column":70}},{"start":{"line":67,"column":6},"end":{"line":67,"column":70}}],"line":67},"8":{"loc":{"start":{"line":71,"column":6},"end":{"line":71,"column":42}},"type":"if","locations":[{"start":{"line":71,"column":6},"end":{"line":71,"column":42}},{"start":{"line":71,"column":6},"end":{"line":71,"column":42}}],"line":71},"9":{"loc":{"start":{"line":75,"column":6},"end":{"line":75,"column":42}},"type":"if","locations":[{"start":{"line":75,"column":6},"end":{"line":75,"column":42}},{"start":{"line":75,"column":6},"end":{"line":75,"column":42}}],"line":75},"10":{"loc":{"start":{"line":79,"column":6},"end":{"line":79,"column":42}},"type":"if","locations":[{"start":{"line":79,"column":6},"end":{"line":79,"column":42}},{"start":{"line":79,"column":6},"end":{"line":79,"column":42}}],"line":79},"11":{"loc":{"start":{"line":83,"column":6},"end":{"line":83,"column":77}},"type":"if","locations":[{"start":{"line":83,"column":6},"end":{"line":83,"column":77}},{"start":{"line":83,"column":6},"end":{"line":83,"column":77}}],"line":83},"12":{"loc":{"start":{"line":97,"column":6},"end":{"line":97,"column":41}},"type":"if","locations":[{"start":{"line":97,"column":6},"end":{"line":97,"column":41}},{"start":{"line":97,"column":6},"end":{"line":97,"column":41}}],"line":97},"13":{"loc":{"start":{"line":98,"column":6},"end":{"line":98,"column":68}},"type":"if","locations":[{"start":{"line":98,"column":6},"end":{"line":98,"column":68}},{"start":{"line":98,"column":6},"end":{"line":98,"column":68}}],"line":98}},"s":{"0":1,"1":1,"2":26,"3":26,"4":1,"5":1,"6":1,"7":1,"8":1,"9":1,"10":0,"11":0,"12":0,"13":0,"14":0,"15":1,"16":1,"17":2,"18":1,"19":2,"20":2,"21":1,"22":2,"23":3,"24":0,"25":3,"26":2,"27":2,"28":1,"29":3,"30":2,"31":2,"32":1,"33":2,"34":1,"35":1,"36":1,"37":1,"38":1,"39":2,"40":2,"41":1,"42":2,"43":2,"44":2,"45":1,"46":2,"47":0,"48":0,"49":0,"50":0,"51":2,"52":2,"53":1,"54":2,"55":2,"56":2,"57":1,"58":2,"59":2,"60":2,"61":2,"62":1,"63":2,"64":2,"65":2,"66":1,"67":2,"68":0,"69":2,"70":1,"71":2,"72":1},"f":{"0":1,"1":26,"2":2,"3":2},"b":{"0":[2],"1":[1,1,0,1,2,3,2,1,1,2,2,0,2,2,2,1,2,1],"2":[1,1],"3":[0,3],"4":[2,1],"5":[1,1],"6":[1,1],"7":[1,1],"8":[1,1],"9":[0,0],"10":[1,1],"11":[1,1],"12":[0,2],"13":[1,1]},"_coverageSchema":"332fd63041d2c1bcb487cc26dd0d5f7d97098a6c","hash":"494323ac95a8f279cde9d5a0d4ca5baf081d01ce"}
,"/home/symeshjb/workspace/raidLeader/client/reducers/playerParty.js": {"path":"/home/symeshjb/workspace/raidLeader/client/reducers/playerParty.js","statementMap":{"0":{"start":{"line":4,"column":17},"end":{"line":4,"column":27}},"1":{"start":{"line":5,"column":2},"end":{"line":31,"column":3}},"2":{"start":{"line":6,"column":19},"end":{"line":6,"column":28}},"3":{"start":{"line":8,"column":20},"end":{"line":8,"column":73}},"4":{"start":{"line":8,"column":43},"end":{"line":8,"column":72}},"5":{"start":{"line":9,"column":6},"end":{"line":9,"column":55}},"6":{"start":{"line":9,"column":19},"end":{"line":9,"column":55}},"7":{"start":{"line":10,"column":6},"end":{"line":10,"column":21}},"8":{"start":{"line":12,"column":6},"end":{"line":12,"column":62}},"9":{"start":{"line":12,"column":42},"end":{"line":12,"column":61}},"10":{"start":{"line":13,"column":6},"end":{"line":13,"column":21}},"11":{"start":{"line":15,"column":6},"end":{"line":15,"column":15}},"12":{"start":{"line":17,"column":6},"end":{"line":17,"column":52}},"13":{"start":{"line":18,"column":6},"end":{"line":18,"column":21}},"14":{"start":{"line":20,"column":6},"end":{"line":20,"column":72}},"15":{"start":{"line":20,"column":40},"end":{"line":20,"column":71}},"16":{"start":{"line":22,"column":6},"end":{"line":22,"column":76}},"17":{"start":{"line":22,"column":44},"end":{"line":22,"column":75}},"18":{"start":{"line":23,"column":6},"end":{"line":23,"column":52}},"19":{"start":{"line":24,"column":6},"end":{"line":24,"column":21}},"20":{"start":{"line":26,"column":6},"end":{"line":26,"column":76}},"21":{"start":{"line":26,"column":44},"end":{"line":26,"column":75}},"22":{"start":{"line":27,"column":6},"end":{"line":27,"column":52}},"23":{"start":{"line":28,"column":6},"end":{"line":28,"column":56}},"24":{"start":{"line":28,"column":42},"end":{"line":28,"column":56}},"25":{"start":{"line":29,"column":6},"end":{"line":29,"column":21}},"26":{"start":{"line":30,"column":13},"end":{"line":30,"column":25}}},"fnMap":{"0":{"name":"(anonymous_0)","decl":{"start":{"line":3,"column":15},"end":{"line":3,"column":16}},"loc":{"start":{"line":3,"column":45},"end":{"line":32,"column":1}},"line":3},"1":{"name":"(anonymous_1)","decl":{"start":{"line":8,"column":34},"end":{"line":8,"column":35}},"loc":{"start":{"line":8,"column":43},"end":{"line":8,"column":72}},"line":8},"2":{"name":"(anonymous_2)","decl":{"start":{"line":12,"column":30},"end":{"line":12,"column":31}},"loc":{"start":{"line":12,"column":42},"end":{"line":12,"column":61}},"line":12},"3":{"name":"(anonymous_3)","decl":{"start":{"line":20,"column":29},"end":{"line":20,"column":30}},"loc":{"start":{"line":20,"column":40},"end":{"line":20,"column":71}},"line":20},"4":{"name":"(anonymous_4)","decl":{"start":{"line":22,"column":33},"end":{"line":22,"column":34}},"loc":{"start":{"line":22,"column":44},"end":{"line":22,"column":75}},"line":22},"5":{"name":"(anonymous_5)","decl":{"start":{"line":26,"column":33},"end":{"line":26,"column":34}},"loc":{"start":{"line":26,"column":44},"end":{"line":26,"column":75}},"line":26}},"branchMap":{"0":{"loc":{"start":{"line":3,"column":25},"end":{"line":3,"column":35}},"type":"default-arg","locations":[{"start":{"line":3,"column":33},"end":{"line":3,"column":35}}],"line":3},"1":{"loc":{"start":{"line":5,"column":2},"end":{"line":31,"column":3}},"type":"switch","locations":[{"start":{"line":6,"column":4},"end":{"line":6,"column":28}},{"start":{"line":7,"column":4},"end":{"line":10,"column":21}},{"start":{"line":11,"column":4},"end":{"line":13,"column":21}},{"start":{"line":14,"column":4},"end":{"line":15,"column":15}},{"start":{"line":16,"column":4},"end":{"line":18,"column":21}},{"start":{"line":19,"column":4},"end":{"line":20,"column":72}},{"start":{"line":21,"column":4},"end":{"line":24,"column":21}},{"start":{"line":25,"column":4},"end":{"line":29,"column":21}},{"start":{"line":30,"column":4},"end":{"line":30,"column":25}}],"line":5},"2":{"loc":{"start":{"line":9,"column":6},"end":{"line":9,"column":55}},"type":"if","locations":[{"start":{"line":9,"column":6},"end":{"line":9,"column":55}},{"start":{"line":9,"column":6},"end":{"line":9,"column":55}}],"line":9},"3":{"loc":{"start":{"line":28,"column":6},"end":{"line":28,"column":56}},"type":"if","locations":[{"start":{"line":28,"column":6},"end":{"line":28,"column":56}},{"start":{"line":28,"column":6},"end":{"line":28,"column":56}}],"line":28}},"s":{"0":10,"1":10,"2":1,"3":1,"4":1,"5":1,"6":1,"7":1,"8":1,"9":2,"10":1,"11":1,"12":1,"13":1,"14":1,"15":3,"16":2,"17":6,"18":2,"19":2,"20":1,"21":3,"22":1,"23":1,"24":0,"25":1,"26":1},"f":{"0":10,"1":1,"2":2,"3":3,"4":6,"5":3},"b":{"0":[1],"1":[1,1,1,1,1,1,2,1,1],"2":[1,0],"3":[0,1]},"_coverageSchema":"332fd63041d2c1bcb487cc26dd0d5f7d97098a6c","hash":"cc827cafe263fc08a16be902489b684b09d59599"}
,"/home/symeshjb/workspace/raidLeader/client/reducers/playerSpells.js": {"path":"/home/symeshjb/workspace/raidLeader/client/reducers/playerSpells.js","statementMap":{"0":{"start":{"line":2,"column":17},"end":{"line":2,"column":27}},"1":{"start":{"line":3,"column":2},"end":{"line":22,"column":3}},"2":{"start":{"line":4,"column":19},"end":{"line":4,"column":28}},"3":{"start":{"line":6,"column":6},"end":{"line":6,"column":15}},"4":{"start":{"line":8,"column":6},"end":{"line":8,"column":50}},"5":{"start":{"line":9,"column":6},"end":{"line":9,"column":21}},"6":{"start":{"line":11,"column":6},"end":{"line":11,"column":66}},"7":{"start":{"line":11,"column":38},"end":{"line":11,"column":65}},"8":{"start":{"line":13,"column":6},"end":{"line":13,"column":70}},"9":{"start":{"line":13,"column":42},"end":{"line":13,"column":69}},"10":{"start":{"line":14,"column":6},"end":{"line":14,"column":50}},"11":{"start":{"line":15,"column":6},"end":{"line":15,"column":21}},"12":{"start":{"line":17,"column":6},"end":{"line":17,"column":64}},"13":{"start":{"line":17,"column":42},"end":{"line":17,"column":63}},"14":{"start":{"line":18,"column":6},"end":{"line":18,"column":50}},"15":{"start":{"line":19,"column":6},"end":{"line":19,"column":56}},"16":{"start":{"line":19,"column":42},"end":{"line":19,"column":56}},"17":{"start":{"line":20,"column":6},"end":{"line":20,"column":21}},"18":{"start":{"line":21,"column":13},"end":{"line":21,"column":25}}},"fnMap":{"0":{"name":"(anonymous_0)","decl":{"start":{"line":1,"column":15},"end":{"line":1,"column":16}},"loc":{"start":{"line":1,"column":45},"end":{"line":23,"column":1}},"line":1},"1":{"name":"(anonymous_1)","decl":{"start":{"line":11,"column":29},"end":{"line":11,"column":30}},"loc":{"start":{"line":11,"column":38},"end":{"line":11,"column":65}},"line":11},"2":{"name":"(anonymous_2)","decl":{"start":{"line":13,"column":33},"end":{"line":13,"column":34}},"loc":{"start":{"line":13,"column":42},"end":{"line":13,"column":69}},"line":13},"3":{"name":"(anonymous_3)","decl":{"start":{"line":17,"column":33},"end":{"line":17,"column":34}},"loc":{"start":{"line":17,"column":42},"end":{"line":17,"column":63}},"line":17}},"branchMap":{"0":{"loc":{"start":{"line":1,"column":25},"end":{"line":1,"column":35}},"type":"default-arg","locations":[{"start":{"line":1,"column":33},"end":{"line":1,"column":35}}],"line":1},"1":{"loc":{"start":{"line":3,"column":2},"end":{"line":22,"column":3}},"type":"switch","locations":[{"start":{"line":4,"column":4},"end":{"line":4,"column":28}},{"start":{"line":5,"column":4},"end":{"line":6,"column":15}},{"start":{"line":7,"column":4},"end":{"line":9,"column":21}},{"start":{"line":10,"column":4},"end":{"line":11,"column":66}},{"start":{"line":12,"column":4},"end":{"line":15,"column":21}},{"start":{"line":16,"column":4},"end":{"line":20,"column":21}},{"start":{"line":21,"column":4},"end":{"line":21,"column":25}}],"line":3},"2":{"loc":{"start":{"line":19,"column":6},"end":{"line":19,"column":56}},"type":"if","locations":[{"start":{"line":19,"column":6},"end":{"line":19,"column":56}},{"start":{"line":19,"column":6},"end":{"line":19,"column":56}}],"line":19}},"s":{"0":7,"1":7,"2":1,"3":1,"4":1,"5":1,"6":1,"7":2,"8":1,"9":3,"10":1,"11":1,"12":1,"13":3,"14":1,"15":1,"16":0,"17":1,"18":1},"f":{"0":7,"1":2,"2":3,"3":3},"b":{"0":[1],"1":[1,1,1,1,1,1,1],"2":[0,1]},"_coverageSchema":"332fd63041d2c1bcb487cc26dd0d5f7d97098a6c","hash":"8731fe0a2042888b784282d2c1b934fcf031a492"}
,"/home/symeshjb/workspace/raidLeader/client/reducers/playerWeapon.js": {"path":"/home/symeshjb/workspace/raidLeader/client/reducers/playerWeapon.js","statementMap":{"0":{"start":{"line":2,"column":2},"end":{"line":7,"column":3}},"1":{"start":{"line":3,"column":19},"end":{"line":3,"column":30}},"2":{"start":{"line":4,"column":32},"end":{"line":4,"column":52}},"3":{"start":{"line":5,"column":27},"end":{"line":5,"column":38}},"4":{"start":{"line":6,"column":13},"end":{"line":6,"column":25}}},"fnMap":{"0":{"name":"(anonymous_0)","decl":{"start":{"line":1,"column":15},"end":{"line":1,"column":16}},"loc":{"start":{"line":1,"column":47},"end":{"line":8,"column":1}},"line":1}},"branchMap":{"0":{"loc":{"start":{"line":1,"column":25},"end":{"line":1,"column":37}},"type":"default-arg","locations":[{"start":{"line":1,"column":33},"end":{"line":1,"column":37}}],"line":1},"1":{"loc":{"start":{"line":2,"column":2},"end":{"line":7,"column":3}},"type":"switch","locations":[{"start":{"line":3,"column":4},"end":{"line":3,"column":30}},{"start":{"line":4,"column":4},"end":{"line":4,"column":52}},{"start":{"line":5,"column":4},"end":{"line":5,"column":38}},{"start":{"line":6,"column":4},"end":{"line":6,"column":25}}],"line":2}},"s":{"0":4,"1":1,"2":1,"3":1,"4":1},"f":{"0":4},"b":{"0":[1],"1":[1,1,1,1]},"_coverageSchema":"332fd63041d2c1bcb487cc26dd0d5f7d97098a6c","hash":"9fb25424bb5db2ce1ed04e58fb63fc88122f1503"}
[...]
,"/home/symeshjb/workspace/raidLeader/server/db/users.js": {"path":"/home/symeshjb/workspace/raidLeader/server/db/users.js","statementMap":{"0":{"start":{"line":1,"column":11},"end":{"line":1,"column":34}},"1":{"start":{"line":4,"column":2},"end":{"line":12,"column":4}},"2":{"start":{"line":5,"column":4},"end":{"line":10,"column":6}},"3":{"start":{"line":6,"column":6},"end":{"line":6,"column":26}},"4":{"start":{"line":6,"column":15},"end":{"line":6,"column":26}},"5":{"start":{"line":7,"column":6},"end":{"line":9,"column":42}},"6":{"start":{"line":9,"column":25},"end":{"line":9,"column":41}},"7":{"start":{"line":15,"column":2},"end":{"line":16,"column":25}},"8":{"start":{"line":16,"column":18},"end":{"line":16,"column":24}},"9":{"start":{"line":20,"column":2},"end":{"line":22,"column":12}},"10":{"start":{"line":25,"column":0},"end":{"line":29,"column":1}}},"fnMap":{"0":{"name":"createUser","decl":{"start":{"line":3,"column":9},"end":{"line":3,"column":19}},"loc":{"start":{"line":3,"column":46},"end":{"line":13,"column":1}},"line":3},"1":{"name":"(anonymous_1)","decl":{"start":{"line":4,"column":22},"end":{"line":4,"column":23}},"loc":{"start":{"line":4,"column":43},"end":{"line":12,"column":3}},"line":4},"2":{"name":"(anonymous_2)","decl":{"start":{"line":5,"column":28},"end":{"line":5,"column":29}},"loc":{"start":{"line":5,"column":43},"end":{"line":10,"column":5}},"line":5},"3":{"name":"(anonymous_3)","decl":{"start":{"line":9,"column":14},"end":{"line":9,"column":15}},"loc":{"start":{"line":9,"column":25},"end":{"line":9,"column":41}},"line":9},"4":{"name":"userExists","decl":{"start":{"line":14,"column":9},"end":{"line":14,"column":19}},"loc":{"start":{"line":14,"column":36},"end":{"line":17,"column":1}},"line":14},"5":{"name":"(anonymous_5)","decl":{"start":{"line":16,"column":10},"end":{"line":16,"column":11}},"loc":{"start":{"line":16,"column":18},"end":{"line":16,"column":24}},"line":16},"6":{"name":"getUserByName","decl":{"start":{"line":19,"column":9},"end":{"line":19,"column":22}},"loc":{"start":{"line":19,"column":39},"end":{"line":23,"column":1}},"line":19}},"branchMap":{"0":{"loc":{"start":{"line":6,"column":6},"end":{"line":6,"column":26}},"type":"if","locations":[{"start":{"line":6,"column":6},"end":{"line":6,"column":26}},{"start":{"line":6,"column":6},"end":{"line":6,"column":26}}],"line":6}},"s":{"0":4,"1":0,"2":0,"3":0,"4":0,"5":0,"6":0,"7":0,"8":0,"9":0,"10":4},"f":{"0":0,"1":0,"2":0,"3":0,"4":0,"5":0,"6":0},"b":{"0":[0,0]},"_coverageSchema":"332fd63041d2c1bcb487cc26dd0d5f7d97098a6c","hash":"d1c4aefb425a04366cd8984a2104f59ec2c3e9ac"}
,"/home/symeshjb/workspace/raidLeader/server/routes/auth.js": {"path":"/home/symeshjb/workspace/raidLeader/server/routes/auth.js","statementMap":{"0":{"start":{"line":1,"column":13},"end":{"line":1,"column":40}},"1":{"start":{"line":3,"column":31},"end":{"line":3,"column":53}},"2":{"start":{"line":4,"column":12},"end":{"line":4,"column":36}},"3":{"start":{"line":6,"column":0},"end":{"line":6,"column":47}},"4":{"start":{"line":9,"column":32},"end":{"line":9,"column":40}},"5":{"start":{"line":10,"column":2},"end":{"line":16,"column":63}},"6":{"start":{"line":12,"column":6},"end":{"line":12,"column":71}},"7":{"start":{"line":12,"column":18},"end":{"line":12,"column":71}},"8":{"start":{"line":13,"column":6},"end":{"line":14,"column":27}},"9":{"start":{"line":14,"column":20},"end":{"line":14,"column":26}},"10":{"start":{"line":16,"column":18},"end":{"line":16,"column":62}},"11":{"start":{"line":21,"column":0},"end":{"line":21,"column":34}},"12":{"start":{"line":23,"column":0},"end":{"line":23,"column":23}}},"fnMap":{"0":{"name":"register","decl":{"start":{"line":8,"column":9},"end":{"line":8,"column":17}},"loc":{"start":{"line":8,"column":35},"end":{"line":17,"column":1}},"line":8},"1":{"name":"(anonymous_1)","decl":{"start":{"line":11,"column":10},"end":{"line":11,"column":11}},"loc":{"start":{"line":11,"column":20},"end":{"line":15,"column":5}},"line":11},"2":{"name":"(anonymous_2)","decl":{"start":{"line":14,"column":14},"end":{"line":14,"column":15}},"loc":{"start":{"line":14,"column":20},"end":{"line":14,"column":26}},"line":14},"3":{"name":"(anonymous_3)","decl":{"start":{"line":16,"column":11},"end":{"line":16,"column":12}},"loc":{"start":{"line":16,"column":18},"end":{"line":16,"column":62}},"line":16}},"branchMap":{"0":{"loc":{"start":{"line":12,"column":6},"end":{"line":12,"column":71}},"type":"if","locations":[{"start":{"line":12,"column":6},"end":{"line":12,"column":71}},{"start":{"line":12,"column":6},"end":{"line":12,"column":71}}],"line":12}},"s":{"0":4,"1":4,"2":4,"3":4,"4":0,"5":0,"6":0,"7":0,"8":0,"9":0,"10":0,"11":4,"12":4},"f":{"0":0,"1":0,"2":0,"3":0},"b":{"0":[0,0]},"_coverageSchema":"332fd63041d2c1bcb487cc26dd0d5f7d97098a6c","hash":"584e2a4e016c35d5ff8b85b4d2f8d1ed368539b8"}
,"/home/symeshjb/workspace/raidLeader/server/routes/dungeons.js": {"path":"/home/symeshjb/workspace/raidLeader/server/routes/dungeons.js","statementMap":{"0":{"start":{"line":1,"column":15},"end":{"line":1,"column":42}},"1":{"start":{"line":2,"column":17},"end":{"line":2,"column":41}},"2":{"start":{"line":4,"column":19},"end":{"line":4,"column":44}},"3":{"start":{"line":6,"column":0},"end":{"line":18,"column":2}},"4":{"start":{"line":7,"column":2},"end":{"line":17,"column":6}},"5":{"start":{"line":9,"column":6},"end":{"line":16,"column":10}},"6":{"start":{"line":11,"column":10},"end":{"line":14,"column":12}},"7":{"start":{"line":12,"column":12},"end":{"line":12,"column":97}},"8":{"start":{"line":12,"column":63},"end":{"line":12,"column":96}},"9":{"start":{"line":13,"column":12},"end":{"line":13,"column":26}},"10":{"start":{"line":15,"column":10},"end":{"line":15,"column":28}},"11":{"start":{"line":20,"column":0},"end":{"line":23,"column":2}},"12":{"start":{"line":21,"column":2},"end":{"line":22,"column":36}},"13":{"start":{"line":22,"column":16},"end":{"line":22,"column":35}},"14":{"start":{"line":25,"column":0},"end":{"line":25,"column":23}}},"fnMap":{"0":{"name":"(anonymous_0)","decl":{"start":{"line":6,"column":24},"end":{"line":6,"column":25}},"loc":{"start":{"line":6,"column":38},"end":{"line":18,"column":1}},"line":6},"1":{"name":"(anonymous_1)","decl":{"start":{"line":8,"column":10},"end":{"line":8,"column":11}},"loc":{"start":{"line":8,"column":22},"end":{"line":17,"column":5}},"line":8},"2":{"name":"(anonymous_2)","decl":{"start":{"line":10,"column":14},"end":{"line":10,"column":15}},"loc":{"start":{"line":10,"column":27},"end":{"line":16,"column":9}},"line":10},"3":{"name":"(anonymous_3)","decl":{"start":{"line":11,"column":34},"end":{"line":11,"column":35}},"loc":{"start":{"line":11,"column":45},"end":{"line":14,"column":11}},"line":11},"4":{"name":"(anonymous_4)","decl":{"start":{"line":12,"column":51},"end":{"line":12,"column":52}},"loc":{"start":{"line":12,"column":63},"end":{"line":12,"column":96}},"line":12},"5":{"name":"(anonymous_5)","decl":{"start":{"line":20,"column":33},"end":{"line":20,"column":34}},"loc":{"start":{"line":20,"column":47},"end":{"line":23,"column":1}},"line":20},"6":{"name":"(anonymous_6)","decl":{"start":{"line":22,"column":10},"end":{"line":22,"column":11}},"loc":{"start":{"line":22,"column":16},"end":{"line":22,"column":35}},"line":22}},"branchMap":{},"s":{"0":4,"1":4,"2":4,"3":4,"4":1,"5":1,"6":1,"7":2,"8":2,"9":2,"10":1,"11":4,"12":1,"13":1,"14":4},"f":{"0":1,"1":1,"2":1,"3":2,"4":2,"5":1,"6":1},"b":{},"_coverageSchema":"332fd63041d2c1bcb487cc26dd0d5f7d97098a6c","hash":"cb78f93590a39efbb5c4b299229beee40ede128d"}
,"/home/symeshjb/workspace/raidLeader/server/routes/player.js": {"path":"/home/symeshjb/workspace/raidLeader/server/routes/player.js","statementMap":{"0":{"start":{"line":1,"column":15},"end":{"line":1,"column":42}},"1":{"start":{"line":3,"column":17},"end":{"line":3,"column":40}},"2":{"start":{"line":4,"column":21},"end":{"line":4,"column":46}},"3":{"start":{"line":5,"column":19},"end":{"line":5,"column":42}},"4":{"start":{"line":6,"column":17},"end":{"line":6,"column":41}},"5":{"start":{"line":8,"column":0},"end":{"line":11,"column":2}},"6":{"start":{"line":9,"column":2},"end":{"line":10,"column":40}},"7":{"start":{"line":10,"column":20},"end":{"line":10,"column":39}},"8":{"start":{"line":13,"column":0},"end":{"line":19,"column":2}},"9":{"start":{"line":14,"column":2},"end":{"line":18,"column":6}},"10":{"start":{"line":16,"column":6},"end":{"line":17,"column":40}},"11":{"start":{"line":17,"column":20},"end":{"line":17,"column":39}},"12":{"start":{"line":21,"column":0},"end":{"line":24,"column":2}},"13":{"start":{"line":22,"column":2},"end":{"line":23,"column":49}},"14":{"start":{"line":23,"column":20},"end":{"line":23,"column":48}},"15":{"start":{"line":26,"column":0},"end":{"line":29,"column":2}},"16":{"start":{"line":27,"column":2},"end":{"line":28,"column":51}},"17":{"start":{"line":28,"column":21},"end":{"line":28,"column":50}},"18":{"start":{"line":31,"column":0},"end":{"line":41,"column":2}},"19":{"start":{"line":32,"column":2},"end":{"line":40,"column":37}},"20":{"start":{"line":34,"column":6},"end":{"line":38,"column":8}},"21":{"start":{"line":36,"column":8},"end":{"line":37,"column":40}},"22":{"start":{"line":37,"column":20},"end":{"line":37,"column":39}},"23":{"start":{"line":40,"column":18},"end":{"line":40,"column":36}},"24":{"start":{"line":43,"column":0},"end":{"line":54,"column":2}},"25":{"start":{"line":44,"column":2},"end":{"line":53,"column":6}},"26":{"start":{"line":46,"column":6},"end":{"line":52,"column":10}},"27":{"start":{"line":48,"column":10},"end":{"line":51,"column":14}},"28":{"start":{"line":50,"column":14},"end":{"line":50,"column":60}},"29":{"start":{"line":56,"column":0},"end":{"line":56,"column":23}}},"fnMap":{"0":{"name":"(anonymous_0)","decl":{"start":{"line":8,"column":28},"end":{"line":8,"column":29}},"loc":{"start":{"line":8,"column":42},"end":{"line":11,"column":1}},"line":8},"1":{"name":"(anonymous_1)","decl":{"start":{"line":10,"column":10},"end":{"line":10,"column":11}},"loc":{"start":{"line":10,"column":20},"end":{"line":10,"column":39}},"line":10},"2":{"name":"(anonymous_2)","decl":{"start":{"line":13,"column":28},"end":{"line":13,"column":29}},"loc":{"start":{"line":13,"column":42},"end":{"line":19,"column":1}},"line":13},"3":{"name":"(anonymous_3)","decl":{"start":{"line":15,"column":10},"end":{"line":15,"column":11}},"loc":{"start":{"line":15,"column":20},"end":{"line":18,"column":5}},"line":15},"4":{"name":"(anonymous_4)","decl":{"start":{"line":17,"column":14},"end":{"line":17,"column":15}},"loc":{"start":{"line":17,"column":20},"end":{"line":17,"column":39}},"line":17},"5":{"name":"(anonymous_5)","decl":{"start":{"line":21,"column":31},"end":{"line":21,"column":32}},"loc":{"start":{"line":21,"column":45},"end":{"line":24,"column":1}},"line":21},"6":{"name":"(anonymous_6)","decl":{"start":{"line":23,"column":10},"end":{"line":23,"column":11}},"loc":{"start":{"line":23,"column":20},"end":{"line":23,"column":48}},"line":23},"7":{"name":"(anonymous_7)","decl":{"start":{"line":26,"column":31},"end":{"line":26,"column":32}},"loc":{"start":{"line":26,"column":45},"end":{"line":29,"column":1}},"line":26},"8":{"name":"(anonymous_8)","decl":{"start":{"line":28,"column":10},"end":{"line":28,"column":11}},"loc":{"start":{"line":28,"column":21},"end":{"line":28,"column":50}},"line":28},"9":{"name":"(anonymous_9)","decl":{"start":{"line":31,"column":34},"end":{"line":31,"column":35}},"loc":{"start":{"line":31,"column":48},"end":{"line":41,"column":1}},"line":31},"10":{"name":"(anonymous_10)","decl":{"start":{"line":33,"column":10},"end":{"line":33,"column":11}},"loc":{"start":{"line":33,"column":16},"end":{"line":39,"column":5}},"line":33},"11":{"name":"(anonymous_11)","decl":{"start":{"line":35,"column":12},"end":{"line":35,"column":13}},"loc":{"start":{"line":35,"column":22},"end":{"line":38,"column":7}},"line":35},"12":{"name":"(anonymous_12)","decl":{"start":{"line":37,"column":14},"end":{"line":37,"column":15}},"loc":{"start":{"line":37,"column":20},"end":{"line":37,"column":39}},"line":37},"13":{"name":"(anonymous_13)","decl":{"start":{"line":40,"column":11},"end":{"line":40,"column":12}},"loc":{"start":{"line":40,"column":18},"end":{"line":40,"column":36}},"line":40},"14":{"name":"(anonymous_14)","decl":{"start":{"line":43,"column":35},"end":{"line":43,"column":36}},"loc":{"start":{"line":43,"column":49},"end":{"line":54,"column":1}},"line":43},"15":{"name":"(anonymous_15)","decl":{"start":{"line":45,"column":10},"end":{"line":45,"column":11}},"loc":{"start":{"line":45,"column":21},"end":{"line":53,"column":5}},"line":45},"16":{"name":"(anonymous_16)","decl":{"start":{"line":47,"column":14},"end":{"line":47,"column":15}},"loc":{"start":{"line":47,"column":23},"end":{"line":52,"column":9}},"line":47},"17":{"name":"(anonymous_17)","decl":{"start":{"line":49,"column":18},"end":{"line":49,"column":19}},"loc":{"start":{"line":49,"column":28},"end":{"line":51,"column":13}},"line":49}},"branchMap":{},"s":{"0":4,"1":4,"2":4,"3":4,"4":4,"5":4,"6":1,"7":1,"8":4,"9":1,"10":1,"11":1,"12":4,"13":1,"14":1,"15":4,"16":1,"17":1,"18":4,"19":1,"20":1,"21":1,"22":1,"23":0,"24":4,"25":1,"26":1,"27":1,"28":1,"29":4},"f":{"0":1,"1":1,"2":1,"3":1,"4":1,"5":1,"6":1,"7":1,"8":1,"9":1,"10":1,"11":1,"12":1,"13":0,"14":1,"15":1,"16":1,"17":1},"b":{},"_coverageSchema":"332fd63041d2c1bcb487cc26dd0d5f7d97098a6c","hash":"7cc5ea81b656dd4c1d3a80480510daa532915435"}
,"/home/symeshjb/workspace/raidLeader/server/routes/recruits.js": {"path":"/home/symeshjb/workspace/raidLeader/server/routes/recruits.js","statementMap":{"0":{"start":{"line":1,"column":15},"end":{"line":1,"column":42}},"1":{"start":{"line":2,"column":17},"end":{"line":2,"column":41}},"2":{"start":{"line":4,"column":19},"end":{"line":4,"column":44}},"3":{"start":{"line":6,"column":0},"end":{"line":9,"column":2}},"4":{"start":{"line":7,"column":2},"end":{"line":8,"column":41}},"5":{"start":{"line":8,"column":22},"end":{"line":8,"column":40}},"6":{"start":{"line":11,"column":0},"end":{"line":15,"column":2}},"7":{"start":{"line":12,"column":36},"end":{"line":12,"column":44}},"8":{"start":{"line":13,"column":2},"end":{"line":14,"column":51}},"9":{"start":{"line":14,"column":21},"end":{"line":14,"column":50}},"10":{"start":{"line":17,"column":0},"end":{"line":20,"column":2}},"11":{"start":{"line":18,"column":2},"end":{"line":19,"column":36}},"12":{"start":{"line":19,"column":16},"end":{"line":19,"column":35}},"13":{"start":{"line":22,"column":0},"end":{"line":25,"column":2}},"14":{"start":{"line":23,"column":2},"end":{"line":24,"column":51}},"15":{"start":{"line":24,"column":21},"end":{"line":24,"column":50}},"16":{"start":{"line":27,"column":0},"end":{"line":27,"column":23}}},"fnMap":{"0":{"name":"(anonymous_0)","decl":{"start":{"line":6,"column":24},"end":{"line":6,"column":25}},"loc":{"start":{"line":6,"column":38},"end":{"line":9,"column":1}},"line":6},"1":{"name":"(anonymous_1)","decl":{"start":{"line":8,"column":10},"end":{"line":8,"column":11}},"loc":{"start":{"line":8,"column":22},"end":{"line":8,"column":40}},"line":8},"2":{"name":"(anonymous_2)","decl":{"start":{"line":11,"column":25},"end":{"line":11,"column":26}},"loc":{"start":{"line":11,"column":39},"end":{"line":15,"column":1}},"line":11},"3":{"name":"(anonymous_3)","decl":{"start":{"line":14,"column":10},"end":{"line":14,"column":11}},"loc":{"start":{"line":14,"column":21},"end":{"line":14,"column":50}},"line":14},"4":{"name":"(anonymous_4)","decl":{"start":{"line":17,"column":31},"end":{"line":17,"column":32}},"loc":{"start":{"line":17,"column":45},"end":{"line":20,"column":1}},"line":17},"5":{"name":"(anonymous_5)","decl":{"start":{"line":19,"column":10},"end":{"line":19,"column":11}},"loc":{"start":{"line":19,"column":16},"end":{"line":19,"column":35}},"line":19},"6":{"name":"(anonymous_6)","decl":{"start":{"line":22,"column":29},"end":{"line":22,"column":30}},"loc":{"start":{"line":22,"column":43},"end":{"line":25,"column":1}},"line":22},"7":{"name":"(anonymous_7)","decl":{"start":{"line":24,"column":10},"end":{"line":24,"column":11}},"loc":{"start":{"line":24,"column":21},"end":{"line":24,"column":50}},"line":24}},"branchMap":{},"s":{"0":4,"1":4,"2":4,"3":4,"4":1,"5":1,"6":4,"7":1,"8":1,"9":1,"10":4,"11":1,"12":1,"13":4,"14":1,"15":1,"16":4},"f":{"0":1,"1":1,"2":1,"3":1,"4":1,"5":1,"6":1,"7":1},"b":{},"_coverageSchema":"332fd63041d2c1bcb487cc26dd0d5f7d97098a6c","hash":"7345053b72d4c717b2ef44b60c89f387af5a8ce2"}
,"/home/symeshjb/workspace/raidLeader/server/routes/spells.js": {"path":"/home/symeshjb/workspace/raidLeader/server/routes/spells.js","statementMap":{"0":{"start":{"line":1,"column":15},"end":{"line":1,"column":42}},"1":{"start":{"line":2,"column":17},"end":{"line":2,"column":41}},"2":{"start":{"line":4,"column":17},"end":{"line":4,"column":40}},"3":{"start":{"line":6,"column":0},"end":{"line":9,"column":2}},"4":{"start":{"line":7,"column":2},"end":{"line":8,"column":37}},"5":{"start":{"line":8,"column":20},"end":{"line":8,"column":36}},"6":{"start":{"line":11,"column":0},"end":{"line":15,"column":2}},"7":{"start":{"line":12,"column":2},"end":{"line":13,"column":47}},"8":{"start":{"line":13,"column":19},"end":{"line":13,"column":46}},"9":{"start":{"line":17,"column":0},"end":{"line":20,"column":2}},"10":{"start":{"line":18,"column":2},"end":{"line":19,"column":36}},"11":{"start":{"line":19,"column":16},"end":{"line":19,"column":35}},"12":{"start":{"line":22,"column":0},"end":{"line":22,"column":23}}},"fnMap":{"0":{"name":"(anonymous_0)","decl":{"start":{"line":6,"column":24},"end":{"line":6,"column":25}},"loc":{"start":{"line":6,"column":38},"end":{"line":9,"column":1}},"line":6},"1":{"name":"(anonymous_1)","decl":{"start":{"line":8,"column":10},"end":{"line":8,"column":11}},"loc":{"start":{"line":8,"column":20},"end":{"line":8,"column":36}},"line":8},"2":{"name":"(anonymous_2)","decl":{"start":{"line":11,"column":25},"end":{"line":11,"column":26}},"loc":{"start":{"line":11,"column":39},"end":{"line":15,"column":1}},"line":11},"3":{"name":"(anonymous_3)","decl":{"start":{"line":13,"column":10},"end":{"line":13,"column":11}},"loc":{"start":{"line":13,"column":19},"end":{"line":13,"column":46}},"line":13},"4":{"name":"(anonymous_4)","decl":{"start":{"line":17,"column":27},"end":{"line":17,"column":28}},"loc":{"start":{"line":17,"column":41},"end":{"line":20,"column":1}},"line":17},"5":{"name":"(anonymous_5)","decl":{"start":{"line":19,"column":10},"end":{"line":19,"column":11}},"loc":{"start":{"line":19,"column":16},"end":{"line":19,"column":35}},"line":19}},"branchMap":{},"s":{"0":4,"1":4,"2":4,"3":4,"4":1,"5":1,"6":4,"7":1,"8":1,"9":4,"10":1,"11":1,"12":4},"f":{"0":1,"1":1,"2":1,"3":1,"4":1,"5":1},"b":{},"_coverageSchema":"332fd63041d2c1bcb487cc26dd0d5f7d97098a6c","hash":"a2bb446c7469f92dd7d7077ecd121c9e6330df39"}
}
