TN:
SF:/home/symeshjb/workspace/raidLeader/knexfile.js
FNF:0
FNH:0
DA:3,4
LF:1
LH:1
BRF:0
BRH:0
end_of_record
TN:
SF:/home/symeshjb/workspace/raidLeader/client/reducers/boss.js
FN:1,boss
FN:10,(anonymous_1)
FN:70,(anonymous_2)
FN:76,(anonymous_3)
FN:85,(anonymous_4)
FNF:5
FNH:5
FNDA:44,boss
FNDA:2,(anonymous_1)
FNDA:3,(anonymous_2)
FNDA:3,(anonymous_3)
FNDA:3,(anonymous_4)
DA:2,44
DA:3,44
DA:4,1
DA:6,1
DA:8,1
DA:10,1
DA:11,2
DA:12,2
DA:14,1
DA:16,2
DA:17,2
DA:18,2
DA:20,2
DA:21,2
DA:22,2
DA:24,2
DA:25,2
DA:26,2
DA:28,2
DA:29,2
DA:30,2
DA:32,3
DA:33,3
DA:34,1
DA:35,1
DA:37,2
DA:38,2
DA:40,3
DA:41,3
DA:42,3
DA:44,3
DA:45,3
DA:46,1
DA:47,1
DA:49,2
DA:50,2
DA:52,3
DA:53,3
DA:54,3
DA:56,3
DA:57,3
DA:58,3
DA:59,3
DA:60,3
DA:62,2
DA:63,2
DA:64,2
DA:66,1
DA:67,1
DA:69,3
DA:70,3
DA:71,2
DA:72,1
DA:73,1
DA:75,3
DA:76,3
DA:77,2
DA:78,1
DA:79,1
DA:80,1
DA:81,1
DA:82,1
DA:84,3
DA:85,3
DA:86,2
DA:87,1
DA:88,1
DA:90,2
DA:91,2
DA:93,2
DA:94,2
DA:96,2
DA:97,2
DA:98,2
DA:100,1
DA:101,1
DA:103,2
DA:104,2
DA:106,1
DA:107,3
DA:109,1
DA:110,1
LF:82
LH:82
BRDA:1,0,0,2
BRDA:3,1,0,1
BRDA:3,1,1,1
BRDA:3,1,2,1
BRDA:3,1,3,1
BRDA:3,1,4,2
BRDA:3,1,5,2
BRDA:3,1,6,2
BRDA:3,1,7,2
BRDA:3,1,8,3
BRDA:3,1,9,3
BRDA:3,1,10,3
BRDA:3,1,11,2
BRDA:3,1,12,1
BRDA:3,1,13,3
BRDA:3,1,14,3
BRDA:3,1,15,3
BRDA:3,1,16,2
BRDA:3,1,17,2
BRDA:3,1,18,2
BRDA:3,1,19,1
BRDA:3,1,20,2
BRDA:3,1,21,1
BRDA:3,1,22,1
BRDA:17,2,0,1
BRDA:17,2,1,1
BRDA:21,3,0,1
BRDA:21,3,1,1
BRDA:25,4,0,1
BRDA:25,4,1,1
BRDA:29,5,0,1
BRDA:29,5,1,1
BRDA:33,6,0,1
BRDA:33,6,1,2
BRDA:41,7,0,1
BRDA:41,7,1,2
BRDA:45,8,0,1
BRDA:45,8,1,2
BRDA:53,9,0,1
BRDA:53,9,1,2
BRDA:59,10,0,1
BRDA:59,10,1,2
BRDA:63,11,0,1
BRDA:63,11,1,1
BRDA:69,12,0,1
BRDA:69,12,1,2
BRDA:71,13,0,1
BRDA:71,13,1,1
BRDA:75,14,0,1
BRDA:75,14,1,2
BRDA:77,15,0,1
BRDA:77,15,1,1
BRDA:84,16,0,1
BRDA:84,16,1,2
BRDA:86,17,0,1
BRDA:86,17,1,1
BRDA:97,18,0,1
BRDA:97,18,1,1
BRDA:103,19,0,1
BRDA:103,19,1,1
BRF:60
BRH:60
end_of_record
TN:
SF:/home/symeshjb/workspace/raidLeader/client/reducers/dungeons.js
FN:1,(anonymous_0)
FN:8,(anonymous_1)
FNF:2
FNH:2
FNDA:4,(anonymous_0)
FNDA:1,(anonymous_1)
DA:2,4
DA:3,4
DA:4,1
DA:6,1
DA:8,1
DA:9,1
DA:10,1
DA:11,1
LF:8
LH:8
BRDA:1,0,0,1
BRDA:3,1,0,1
BRDA:3,1,1,1
BRDA:3,1,2,1
BRDA:3,1,3,1
BRF:5
BRH:5
end_of_record
TN:
SF:/home/symeshjb/workspace/raidLeader/client/reducers/friendlyTarget.js
FN:2,(anonymous_0)
FNF:1
FNH:1
FNDA:9,(anonymous_0)
DA:3,9
DA:4,9
DA:5,1
DA:7,1
DA:9,1
DA:11,2
DA:12,1
DA:14,1
DA:16,2
DA:17,1
DA:19,1
LF:11
LH:11
BRDA:2,0,0,1
BRDA:4,1,0,1
BRDA:4,1,1,1
BRDA:4,1,2,1
BRDA:4,1,3,2
BRDA:4,1,4,1
BRDA:4,1,5,2
BRDA:4,1,6,1
BRDA:11,2,0,1
BRDA:11,2,1,1
BRDA:16,3,0,1
BRDA:16,3,1,1
BRF:12
BRH:12
end_of_record
TN:
SF:/home/symeshjb/workspace/raidLeader/client/reducers/gold.js
FN:1,(anonymous_0)
FNF:1
FNH:1
FNDA:4,(anonymous_0)
DA:2,4
DA:3,1
DA:5,1
DA:7,1
DA:8,1
LF:5
LH:5
BRDA:1,0,0,1
BRDA:2,1,0,1
BRDA:2,1,1,1
BRDA:2,1,2,1
BRDA:2,1,3,1
BRF:5
BRH:5
end_of_record
TN:
SF:/home/symeshjb/workspace/raidLeader/client/reducers/location.js
FN:9,getLocation
FN:17,(anonymous_1)
FN:31,(anonymous_2)
FN:37,(anonymous_3)
FNF:4
FNH:3
FNDA:3,getLocation
FNDA:9,(anonymous_1)
FNDA:1,(anonymous_2)
FNDA:0,(anonymous_3)
DA:3,3
DA:10,3
DA:11,3
DA:12,2
DA:13,2
DA:14,1
DA:18,9
DA:19,9
DA:21,1
DA:22,1
DA:24,1
DA:25,1
DA:26,1
DA:28,1
DA:29,1
DA:31,1
DA:32,1
DA:33,1
DA:34,1
DA:35,1
DA:37,0
DA:38,0
DA:39,0
DA:41,0
DA:42,0
DA:43,0
DA:45,1
DA:46,1
DA:48,1
DA:49,1
DA:50,3
LF:31
LH:25
BRDA:11,0,0,1
BRDA:11,0,1,2
BRDA:13,1,0,1
BRDA:13,1,1,1
BRDA:17,2,0,3
BRDA:19,3,0,1
BRDA:19,3,1,1
BRDA:19,3,2,1
BRDA:19,3,3,1
BRDA:19,3,4,0
BRDA:19,3,5,1
BRDA:19,3,6,1
BRDA:19,3,7,3
BRF:13
BRH:12
end_of_record
TN:
SF:/home/symeshjb/workspace/raidLeader/client/reducers/party.js
FN:1,party
FN:10,(anonymous_1)
FN:13,(anonymous_2)
FN:19,(anonymous_3)
FN:28,(anonymous_4)
FN:30,(anonymous_5)
FN:34,(anonymous_6)
FN:36,(anonymous_7)
FN:44,(anonymous_8)
FN:46,(anonymous_9)
FN:50,(anonymous_10)
FN:56,(anonymous_11)
FN:62,(anonymous_12)
FN:67,(anonymous_13)
FN:75,(anonymous_14)
FN:82,(anonymous_15)
FN:87,(anonymous_16)
FN:94,(anonymous_17)
FN:100,(anonymous_18)
FN:106,(anonymous_19)
FN:115,(anonymous_20)
FN:121,(anonymous_21)
FN:128,(anonymous_22)
FN:130,(anonymous_23)
FN:136,(anonymous_24)
FN:138,(anonymous_25)
FN:143,(anonymous_26)
FN:153,(anonymous_27)
FNF:28
FNH:20
FNDA:39,party
FNDA:4,(anonymous_1)
FNDA:14,(anonymous_2)
FNDA:4,(anonymous_3)
FNDA:7,(anonymous_4)
FNDA:2,(anonymous_5)
FNDA:4,(anonymous_6)
FNDA:2,(anonymous_7)
FNDA:1,(anonymous_8)
FNDA:1,(anonymous_9)
FNDA:0,(anonymous_10)
FNDA:4,(anonymous_11)
FNDA:0,(anonymous_12)
FNDA:8,(anonymous_13)
FNDA:4,(anonymous_14)
FNDA:9,(anonymous_15)
FNDA:4,(anonymous_16)
FNDA:9,(anonymous_17)
FNDA:10,(anonymous_18)
FNDA:4,(anonymous_19)
FNDA:4,(anonymous_20)
FNDA:4,(anonymous_21)
FNDA:0,(anonymous_22)
FNDA:0,(anonymous_23)
FNDA:0,(anonymous_24)
FNDA:0,(anonymous_25)
FNDA:0,(anonymous_26)
FNDA:0,(anonymous_27)
DA:2,39
DA:3,39
DA:4,1
DA:6,1
DA:8,1
DA:10,4
DA:12,6
DA:13,14
DA:14,5
DA:15,3
DA:16,3
DA:17,3
DA:19,1
DA:20,4
DA:21,3
DA:22,3
DA:23,3
DA:25,1
DA:27,5
DA:28,7
DA:29,4
DA:30,3
DA:31,3
DA:32,3
DA:34,1
DA:35,4
DA:36,3
DA:37,3
DA:39,4
DA:41,1
DA:43,1
DA:44,1
DA:45,1
DA:46,1
DA:47,1
DA:49,0
DA:50,0
DA:51,0
DA:52,0
DA:53,0
DA:54,0
DA:56,1
DA:57,4
DA:58,4
DA:61,0
DA:62,0
DA:63,0
DA:64,0
DA:65,0
DA:67,2
DA:68,8
DA:69,6
DA:71,8
DA:73,2
DA:75,1
DA:76,4
DA:77,4
DA:79,1
DA:81,3
DA:82,9
DA:83,3
DA:84,1
DA:85,1
DA:87,1
DA:88,4
DA:89,4
DA:90,4
DA:93,5
DA:94,9
DA:95,3
DA:96,1
DA:97,1
DA:99,5
DA:100,10
DA:101,4
DA:102,2
DA:103,2
DA:104,2
DA:106,1
DA:107,4
DA:108,3
DA:109,3
DA:110,3
DA:113,1
DA:115,1
DA:116,4
DA:117,4
DA:119,1
DA:121,1
DA:122,4
DA:123,4
DA:125,1
DA:127,0
DA:128,0
DA:129,0
DA:130,0
DA:131,0
DA:132,0
DA:133,0
DA:135,0
DA:136,0
DA:137,0
DA:138,0
DA:139,0
DA:140,0
DA:141,0
DA:143,0
DA:144,0
DA:145,0
DA:146,0
DA:148,0
DA:150,0
DA:152,0
DA:153,0
DA:154,0
DA:155,0
DA:156,0
DA:157,0
DA:158,0
DA:159,1
LF:120
LH:82
BRDA:1,0,0,1
BRDA:3,1,0,1
BRDA:3,1,1,1
BRDA:3,1,2,1
BRDA:3,1,3,1
BRDA:3,1,4,6
BRDA:3,1,5,1
BRDA:3,1,6,5
BRDA:3,1,7,1
BRDA:3,1,8,1
BRDA:3,1,9,0
BRDA:3,1,10,1
BRDA:3,1,11,0
BRDA:3,1,12,2
BRDA:3,1,13,1
BRDA:3,1,14,3
BRDA:3,1,15,1
BRDA:3,1,16,5
BRDA:3,1,17,5
BRDA:3,1,18,1
BRDA:3,1,19,1
BRDA:3,1,20,1
BRDA:3,1,21,0
BRDA:3,1,22,0
BRDA:3,1,23,0
BRDA:3,1,24,0
BRDA:3,1,25,1
BRDA:12,2,0,1
BRDA:12,2,1,5
BRDA:14,3,0,2
BRDA:14,3,1,3
BRDA:14,4,0,5
BRDA:14,4,1,4
BRDA:16,5,0,2
BRDA:16,5,1,1
BRDA:20,6,0,1
BRDA:20,6,1,3
BRDA:22,7,0,2
BRDA:22,7,1,1
BRDA:27,8,0,1
BRDA:27,8,1,4
BRDA:29,9,0,1
BRDA:29,9,1,3
BRDA:29,10,0,4
BRDA:29,10,1,3
BRDA:35,11,0,3
BRDA:35,11,1,1
BRDA:43,12,0,0
BRDA:43,12,1,1
BRDA:45,13,0,0
BRDA:45,13,1,1
BRDA:45,14,0,1
BRDA:45,14,1,1
BRDA:49,15,0,0
BRDA:49,15,1,0
BRDA:51,16,0,0
BRDA:51,16,1,0
BRDA:51,17,0,0
BRDA:51,17,1,0
BRDA:61,18,0,0
BRDA:61,18,1,0
BRDA:63,19,0,0
BRDA:63,19,1,0
BRDA:63,20,0,0
BRDA:63,20,1,0
BRDA:68,21,0,6
BRDA:68,21,1,2
BRDA:76,22,0,3
BRDA:76,22,1,1
BRDA:81,23,0,0
BRDA:81,23,1,3
BRDA:83,24,0,2
BRDA:83,24,1,1
BRDA:83,25,0,3
BRDA:83,25,1,2
BRDA:88,26,0,3
BRDA:88,26,1,1
BRDA:89,27,0,0
BRDA:89,27,1,4
BRDA:93,28,0,2
BRDA:93,28,1,3
BRDA:95,29,0,2
BRDA:95,29,1,1
BRDA:95,30,0,3
BRDA:95,30,1,2
BRDA:99,31,0,1
BRDA:99,31,1,4
BRDA:101,32,0,2
BRDA:101,32,1,2
BRDA:101,33,0,4
BRDA:101,33,1,3
BRDA:103,34,0,1
BRDA:103,34,1,1
BRDA:107,35,0,3
BRDA:107,35,1,1
BRDA:109,36,0,2
BRDA:109,36,1,1
BRDA:116,37,0,3
BRDA:116,37,1,1
BRDA:122,38,0,3
BRDA:122,38,1,1
BRDA:127,39,0,0
BRDA:127,39,1,0
BRDA:129,40,0,0
BRDA:129,40,1,0
BRDA:135,41,0,0
BRDA:135,41,1,0
BRDA:137,42,0,0
BRDA:137,42,1,0
BRDA:144,43,0,0
BRDA:144,43,1,0
BRDA:152,44,0,0
BRDA:152,44,1,0
BRDA:154,45,0,0
BRDA:154,45,1,0
BRF:115
BRH:79
end_of_record
TN:
SF:/home/symeshjb/workspace/raidLeader/client/reducers/player.js
FN:1,(anonymous_0)
FN:21,player
FN:41,(anonymous_2)
FN:90,(anonymous_3)
FNF:4
FNH:4
FNDA:1,(anonymous_0)
FNDA:26,player
FNDA:2,(anonymous_2)
FNDA:2,(anonymous_3)
DA:1,1
DA:2,1
DA:22,26
DA:23,26
DA:24,1
DA:26,1
DA:27,1
DA:28,1
DA:29,1
DA:31,1
DA:33,0
DA:34,0
DA:35,0
DA:36,0
DA:38,0
DA:40,1
DA:41,2
DA:42,1
DA:44,2
DA:45,2
DA:46,2
DA:48,3
DA:49,3
DA:50,2
DA:51,2
DA:53,3
DA:55,2
DA:56,2
DA:57,2
DA:59,1
DA:60,1
DA:62,1
DA:63,1
DA:64,1
DA:66,2
DA:67,2
DA:68,2
DA:70,2
DA:71,2
DA:72,2
DA:74,0
DA:75,0
DA:76,0
DA:78,2
DA:79,2
DA:80,2
DA:82,2
DA:83,2
DA:84,2
DA:86,2
DA:87,2
DA:88,2
DA:90,1
DA:91,2
DA:92,2
DA:93,2
DA:95,1
DA:97,2
DA:98,2
DA:99,2
DA:100,1
LF:61
LH:53
BRDA:21,0,0,2
BRDA:23,1,0,1
BRDA:23,1,1,1
BRDA:23,1,2,0
BRDA:23,1,3,1
BRDA:23,1,4,2
BRDA:23,1,5,3
BRDA:23,1,6,2
BRDA:23,1,7,1
BRDA:23,1,8,1
BRDA:23,1,9,2
BRDA:23,1,10,2
BRDA:23,1,11,0
BRDA:23,1,12,2
BRDA:23,1,13,2
BRDA:23,1,14,2
BRDA:23,1,15,1
BRDA:23,1,16,2
BRDA:23,1,17,1
BRDA:45,2,0,1
BRDA:45,2,1,1
BRDA:48,3,0,0
BRDA:48,3,1,3
BRDA:49,4,0,2
BRDA:49,4,1,1
BRDA:51,5,0,1
BRDA:51,5,1,1
BRDA:56,6,0,1
BRDA:56,6,1,1
BRDA:67,7,0,1
BRDA:67,7,1,1
BRDA:71,8,0,1
BRDA:71,8,1,1
BRDA:75,9,0,0
BRDA:75,9,1,0
BRDA:79,10,0,1
BRDA:79,10,1,1
BRDA:83,11,0,1
BRDA:83,11,1,1
BRDA:97,12,0,0
BRDA:97,12,1,2
BRDA:98,13,0,1
BRDA:98,13,1,1
BRF:43
BRH:37
end_of_record
TN:
SF:/home/symeshjb/workspace/raidLeader/client/reducers/playerParty.js
FN:3,(anonymous_0)
FN:8,(anonymous_1)
FN:12,(anonymous_2)
FN:20,(anonymous_3)
FN:22,(anonymous_4)
FN:26,(anonymous_5)
FNF:6
FNH:6
FNDA:10,(anonymous_0)
FNDA:1,(anonymous_1)
FNDA:2,(anonymous_2)
FNDA:3,(anonymous_3)
FNDA:6,(anonymous_4)
FNDA:3,(anonymous_5)
DA:4,10
DA:5,10
DA:6,1
DA:8,1
DA:9,1
DA:10,1
DA:12,2
DA:13,1
DA:15,1
DA:17,1
DA:18,1
DA:20,3
DA:22,6
DA:23,2
DA:24,2
DA:26,3
DA:27,1
DA:28,1
DA:29,1
DA:30,1
LF:20
LH:20
BRDA:3,0,0,1
BRDA:5,1,0,1
BRDA:5,1,1,1
BRDA:5,1,2,1
BRDA:5,1,3,1
BRDA:5,1,4,1
BRDA:5,1,5,1
BRDA:5,1,6,2
BRDA:5,1,7,1
BRDA:5,1,8,1
BRDA:9,2,0,1
BRDA:9,2,1,0
BRDA:28,3,0,0
BRDA:28,3,1,1
BRF:14
BRH:12
end_of_record
TN:
SF:/home/symeshjb/workspace/raidLeader/client/reducers/playerSpells.js
FN:1,(anonymous_0)
FN:11,(anonymous_1)
FN:13,(anonymous_2)
FN:17,(anonymous_3)
FNF:4
FNH:4
FNDA:7,(anonymous_0)
FNDA:2,(anonymous_1)
FNDA:3,(anonymous_2)
FNDA:3,(anonymous_3)
DA:2,7
DA:3,7
DA:4,1
DA:6,1
DA:8,1
DA:9,1
DA:11,2
DA:13,3
DA:14,1
DA:15,1
DA:17,3
DA:18,1
DA:19,1
DA:20,1
DA:21,1
LF:15
LH:15
BRDA:1,0,0,1
BRDA:3,1,0,1
BRDA:3,1,1,1
BRDA:3,1,2,1
BRDA:3,1,3,1
BRDA:3,1,4,1
BRDA:3,1,5,1
BRDA:3,1,6,1
BRDA:19,2,0,0
BRDA:19,2,1,1
BRF:10
BRH:9
end_of_record
TN:
SF:/home/symeshjb/workspace/raidLeader/client/reducers/playerWeapon.js
FN:1,(anonymous_0)
FNF:1
FNH:1
FNDA:4,(anonymous_0)
DA:2,4
DA:3,1
DA:4,1
DA:5,1
DA:6,1
LF:5
LH:5
BRDA:1,0,0,1
BRDA:2,1,0,1
BRDA:2,1,1,1
BRDA:2,1,2,1
BRDA:2,1,3,1
BRF:5
BRH:5
end_of_record
TN:
SF:/home/symeshjb/workspace/raidLeader/client/reducers/recruits.js
FN:1,(anonymous_0)
FN:10,(anonymous_1)
FN:15,(anonymous_2)
FNF:3
FNH:3
FNDA:7,(anonymous_0)
FNDA:1,(anonymous_1)
FNDA:2,(anonymous_2)
DA:2,7
DA:3,7
DA:4,1
DA:6,1
DA:8,1
DA:10,1
DA:11,1
DA:12,1
DA:14,2
DA:15,1
DA:16,2
DA:17,1
DA:19,1
DA:20,1
LF:14
LH:14
BRDA:1,0,0,1
BRDA:3,1,0,1
BRDA:3,1,1,1
BRDA:3,1,2,1
BRDA:3,1,3,1
BRDA:3,1,4,2
BRDA:3,1,5,1
BRDA:11,2,0,1
BRDA:11,2,1,0
BRDA:14,3,0,1
BRDA:14,3,1,1
BRDA:16,4,0,1
BRDA:16,4,1,1
BRF:13
BRH:12
end_of_record
TN:
SF:/home/symeshjb/workspace/raidLeader/client/reducers/selectedSpell.js
FN:1,(anonymous_0)
FNF:1
FNH:1
FNDA:6,(anonymous_0)
DA:2,6
DA:3,1
DA:5,1
DA:7,1
DA:9,2
DA:10,1
DA:12,1
LF:7
LH:7
BRDA:1,0,0,1
BRDA:2,1,0,1
BRDA:2,1,1,1
BRDA:2,1,2,1
BRDA:2,1,3,2
BRDA:2,1,4,1
BRDA:9,2,0,1
BRDA:9,2,1,1
BRDA:9,3,0,2
BRDA:9,3,1,1
BRF:10
BRH:10
end_of_record
TN:
SF:/home/symeshjb/workspace/raidLeader/client/reducers/showWelcome.js
FN:1,(anonymous_0)
FNF:1
FNH:1
FNDA:5,(anonymous_0)
DA:2,5
DA:3,1
DA:4,2
DA:5,1
DA:6,1
LF:5
LH:5
BRDA:1,0,0,1
BRDA:2,1,0,1
BRDA:2,1,1,2
BRDA:2,1,2,1
BRDA:2,1,3,1
BRF:5
BRH:5
end_of_record
TN:
SF:/home/symeshjb/workspace/raidLeader/client/reducers/spellBook.js
FN:1,(anonymous_0)
FN:9,(anonymous_1)
FNF:2
FNH:2
FNDA:5,(anonymous_0)
FNDA:2,(anonymous_1)
DA:2,5
DA:3,1
DA:5,1
DA:7,1
DA:9,2
DA:10,1
LF:6
LH:6
BRDA:1,0,0,1
BRDA:2,1,0,1
BRDA:2,1,1,1
BRDA:2,1,2,1
BRDA:2,1,3,1
BRDA:2,1,4,1
BRF:6
BRH:6
end_of_record
TN:
SF:/home/symeshjb/workspace/raidLeader/client/reducers/started.js
FN:2,started
FNF:1
FNH:1
FNDA:6,started
DA:3,6
DA:4,1
DA:5,1
DA:6,1
DA:7,0
DA:8,1
DA:9,1
DA:10,1
LF:8
LH:7
BRDA:2,0,0,1
BRDA:3,1,0,1
BRDA:3,1,1,1
BRDA:3,1,2,1
BRDA:3,1,3,0
BRDA:3,1,4,1
BRDA:3,1,5,1
BRDA:3,1,6,1
BRF:8
BRH:7
end_of_record
TN:
SF:/home/symeshjb/workspace/raidLeader/client/reducers/weapons.js
FN:1,(anonymous_0)
FNF:1
FNH:1
FNDA:4,(anonymous_0)
DA:2,4
DA:3,4
DA:4,1
DA:6,1
DA:8,1
DA:9,1
LF:6
LH:6
BRDA:1,0,0,1
BRDA:3,1,0,1
BRDA:3,1,1,1
BRDA:3,1,2,1
BRDA:3,1,3,1
BRF:5
BRH:5
end_of_record
TN:
SF:/home/symeshjb/workspace/raidLeader/server/server.js
FNF:0
FNH:0
DA:1,4
DA:2,4
DA:3,4
DA:4,4
DA:5,4
DA:7,4
DA:9,4
DA:11,4
DA:12,4
DA:13,4
DA:15,4
DA:16,4
DA:17,4
DA:18,4
DA:19,4
DA:21,4
LF:16
LH:16
BRF:0
BRH:0
end_of_record
TN:
SF:/home/symeshjb/workspace/raidLeader/server/auth/hash.js
FN:3,generate
FN:7,compare
FNF:2
FNH:0
FNDA:0,generate
FNDA:0,compare
DA:1,4
DA:4,0
DA:8,0
DA:11,4
LF:4
LH:2
BRF:0
BRH:0
end_of_record
TN:
SF:/home/symeshjb/workspace/raidLeader/server/auth/token.js
FN:6,issue
FN:8,(anonymous_1)
FN:9,(anonymous_2)
FN:21,(anonymous_3)
FN:24,createToken
FN:33,getSecret
FN:37,decode
FNF:7
FNH:2
FNDA:0,issue
FNDA:0,(anonymous_1)
FNDA:0,(anonymous_2)
FNDA:0,(anonymous_3)
FNDA:0,createToken
FNDA:15,getSecret
FNDA:15,decode
DA:1,4
DA:2,4
DA:3,4
DA:4,4
DA:7,0
DA:9,0
DA:10,0
DA:11,0
DA:13,0
DA:14,0
DA:21,0
DA:25,0
DA:34,15
DA:38,15
DA:41,4
LF:15
LH:7
BRDA:10,0,0,0
BRDA:10,0,1,0
BRDA:11,1,0,0
BRDA:11,1,1,0
BRF:4
BRH:0
end_of_record
TN:
SF:/home/symeshjb/workspace/raidLeader/server/db/dungeons.js
FN:6,(anonymous_0)
FN:7,(anonymous_1)
FN:8,(anonymous_2)
FN:9,(anonymous_3)
FNF:4
FNH:0
FNDA:0,(anonymous_0)
FNDA:0,(anonymous_1)
FNDA:0,(anonymous_2)
FNDA:0,(anonymous_3)
DA:1,3
DA:2,3
DA:3,3
DA:5,3
DA:6,0
DA:7,0
DA:8,0
DA:9,0
LF:8
LH:4
BRDA:2,0,0,3
BRDA:2,0,1,0
BRF:2
BRH:1
end_of_record
TN:
SF:/home/symeshjb/workspace/raidLeader/server/db/player.js
FN:5,(anonymous_0)
FN:8,(anonymous_1)
FN:9,(anonymous_2)
FN:10,(anonymous_3)
FN:11,(anonymous_4)
FN:12,(anonymous_5)
FN:13,(anonymous_6)
FNF:7
FNH:0
FNDA:0,(anonymous_0)
FNDA:0,(anonymous_1)
FNDA:0,(anonymous_2)
FNDA:0,(anonymous_3)
FNDA:0,(anonymous_4)
FNDA:0,(anonymous_5)
FNDA:0,(anonymous_6)
DA:1,3
DA:2,3
DA:3,3
DA:5,3
DA:7,3
DA:8,0
DA:9,0
DA:10,0
DA:11,0
DA:12,0
DA:13,0
LF:11
LH:5
BRDA:2,0,0,3
BRDA:2,0,1,0
BRF:2
BRH:1
end_of_record
TN:
SF:/home/symeshjb/workspace/raidLeader/server/db/recruits.js
FN:5,(anonymous_0)
FN:8,(anonymous_1)
FN:9,(anonymous_2)
FN:10,(anonymous_3)
FN:11,(anonymous_4)
FN:12,(anonymous_5)
FN:13,(anonymous_6)
FNF:7
FNH:0
FNDA:0,(anonymous_0)
FNDA:0,(anonymous_1)
FNDA:0,(anonymous_2)
FNDA:0,(anonymous_3)
FNDA:0,(anonymous_4)
FNDA:0,(anonymous_5)
FNDA:0,(anonymous_6)
DA:1,2
DA:2,2
DA:3,2
DA:5,2
DA:7,2
DA:8,0
DA:9,0
DA:10,0
DA:11,0
DA:12,0
DA:13,0
LF:11
LH:5
BRDA:2,0,0,2
BRDA:2,0,1,0
BRF:2
BRH:1
end_of_record
TN:
SF:/home/symeshjb/workspace/raidLeader/server/db/spells.js
FN:6,(anonymous_0)
FN:7,(anonymous_1)
FN:8,(anonymous_2)
FN:9,(anonymous_3)
FNF:4
FNH:0
FNDA:0,(anonymous_0)
FNDA:0,(anonymous_1)
FNDA:0,(anonymous_2)
FNDA:0,(anonymous_3)
DA:1,2
DA:2,2
DA:3,2
DA:5,2
DA:6,0
DA:7,0
DA:8,0
DA:9,0
LF:8
LH:4
BRDA:2,0,0,2
BRDA:2,0,1,0
BRF:2
BRH:1
end_of_record
TN:
SF:/home/symeshjb/workspace/raidLeader/server/db/users.js
FN:3,createUser
FN:4,(anonymous_1)
FN:5,(anonymous_2)
FN:9,(anonymous_3)
FN:14,userExists
FN:16,(anonymous_5)
FN:19,getUserByName
FNF:7
FNH:0
FNDA:0,createUser
FNDA:0,(anonymous_1)
FNDA:0,(anonymous_2)
FNDA:0,(anonymous_3)
FNDA:0,userExists
FNDA:0,(anonymous_5)
FNDA:0,getUserByName
DA:1,4
DA:4,0
DA:5,0
DA:6,0
DA:7,0
DA:9,0
DA:15,0
DA:16,0
DA:20,0
DA:25,4
LF:10
LH:2
BRDA:6,0,0,0
BRDA:6,0,1,0
BRF:2
BRH:0
end_of_record
TN:
SF:/home/symeshjb/workspace/raidLeader/server/routes/auth.js
FN:8,register
FN:11,(anonymous_1)
FN:14,(anonymous_2)
FN:16,(anonymous_3)
FNF:4
FNH:0
FNDA:0,register
FNDA:0,(anonymous_1)
FNDA:0,(anonymous_2)
FNDA:0,(anonymous_3)
DA:1,4
DA:3,4
DA:4,4
DA:6,4
DA:9,0
DA:10,0
DA:12,0
DA:13,0
DA:14,0
DA:16,0
DA:21,4
DA:23,4
LF:12
LH:6
BRDA:12,0,0,0
BRDA:12,0,1,0
BRF:2
BRH:0
end_of_record
TN:
SF:/home/symeshjb/workspace/raidLeader/server/routes/dungeons.js
FN:6,(anonymous_0)
FN:8,(anonymous_1)
FN:10,(anonymous_2)
FN:11,(anonymous_3)
FN:12,(anonymous_4)
FN:20,(anonymous_5)
FN:22,(anonymous_6)
FNF:7
FNH:7
FNDA:1,(anonymous_0)
FNDA:1,(anonymous_1)
FNDA:1,(anonymous_2)
FNDA:2,(anonymous_3)
FNDA:2,(anonymous_4)
FNDA:1,(anonymous_5)
FNDA:1,(anonymous_6)
DA:1,4
DA:2,4
DA:4,4
DA:6,4
DA:7,1
DA:9,1
DA:11,1
DA:12,2
DA:13,2
DA:15,1
DA:20,4
DA:21,1
DA:22,1
DA:25,4
LF:14
LH:14
BRF:0
BRH:0
end_of_record
TN:
SF:/home/symeshjb/workspace/raidLeader/server/routes/player.js
FN:8,(anonymous_0)
FN:10,(anonymous_1)
FN:13,(anonymous_2)
FN:15,(anonymous_3)
FN:17,(anonymous_4)
FN:21,(anonymous_5)
FN:23,(anonymous_6)
FN:26,(anonymous_7)
FN:28,(anonymous_8)
FN:31,(anonymous_9)
FN:33,(anonymous_10)
FN:35,(anonymous_11)
FN:37,(anonymous_12)
FN:40,(anonymous_13)
FN:43,(anonymous_14)
FN:45,(anonymous_15)
FN:47,(anonymous_16)
FN:49,(anonymous_17)
FNF:18
FNH:17
FNDA:1,(anonymous_0)
FNDA:1,(anonymous_1)
FNDA:1,(anonymous_2)
FNDA:1,(anonymous_3)
FNDA:1,(anonymous_4)
FNDA:1,(anonymous_5)
FNDA:1,(anonymous_6)
FNDA:1,(anonymous_7)
FNDA:1,(anonymous_8)
FNDA:1,(anonymous_9)
FNDA:1,(anonymous_10)
FNDA:1,(anonymous_11)
FNDA:1,(anonymous_12)
FNDA:0,(anonymous_13)
FNDA:1,(anonymous_14)
FNDA:1,(anonymous_15)
FNDA:1,(anonymous_16)
FNDA:1,(anonymous_17)
DA:1,4
DA:3,4
DA:4,4
DA:5,4
DA:6,4
DA:8,4
DA:9,1
DA:10,1
DA:13,4
DA:14,1
DA:16,1
DA:17,1
DA:21,4
DA:22,1
DA:23,1
DA:26,4
DA:27,1
DA:28,1
DA:31,4
DA:32,1
DA:34,1
DA:36,1
DA:37,1
DA:40,0
DA:43,4
DA:44,1
DA:46,1
DA:48,1
DA:50,1
DA:56,4
LF:30
LH:29
BRF:0
BRH:0
end_of_record
TN:
SF:/home/symeshjb/workspace/raidLeader/server/routes/recruits.js
FN:6,(anonymous_0)
FN:8,(anonymous_1)
FN:11,(anonymous_2)
FN:14,(anonymous_3)
FN:17,(anonymous_4)
FN:19,(anonymous_5)
FN:22,(anonymous_6)
FN:24,(anonymous_7)
FNF:8
FNH:8
FNDA:1,(anonymous_0)
FNDA:1,(anonymous_1)
FNDA:1,(anonymous_2)
FNDA:1,(anonymous_3)
FNDA:1,(anonymous_4)
FNDA:1,(anonymous_5)
FNDA:1,(anonymous_6)
FNDA:1,(anonymous_7)
DA:1,4
DA:2,4
DA:4,4
DA:6,4
DA:7,1
DA:8,1
DA:11,4
DA:12,1
DA:13,1
DA:14,1
DA:17,4
DA:18,1
DA:19,1
DA:22,4
DA:23,1
DA:24,1
DA:27,4
LF:17
LH:17
BRF:0
BRH:0
end_of_record
TN:
SF:/home/symeshjb/workspace/raidLeader/server/routes/spells.js
FN:6,(anonymous_0)
FN:8,(anonymous_1)
FN:11,(anonymous_2)
FN:13,(anonymous_3)
FN:17,(anonymous_4)
FN:19,(anonymous_5)
FNF:6
FNH:6
FNDA:1,(anonymous_0)
FNDA:1,(anonymous_1)
FNDA:1,(anonymous_2)
FNDA:1,(anonymous_3)
FNDA:1,(anonymous_4)
FNDA:1,(anonymous_5)
DA:1,4
DA:2,4
DA:4,4
DA:6,4
DA:7,1
DA:8,1
DA:11,4
DA:12,1
DA:13,1
DA:17,4
DA:18,1
DA:19,1
DA:22,4
LF:13
LH:13
BRF:0
BRH:0
end_of_record
